Wed Jun 23 09:56:47 2021				Page     1

Photoplot log file
Results from aperture table.


INPUT-UNITS     INCHES

WHEEL     1

LINE               4            D10
CIRCLE         76.77            D11
CIRCLE            30            D12
FLASH     AB00                 0.00000  D13
CIRCLE            24            D14
CIRCLE            44            D15
LINE            31.5            D16
OBLONG         62.99      31.5   0.00000  D17
OBLONG          31.5     62.99   0.00000  D18
LINE           41.34            D19
OBLONG         82.68     41.34   0.00000  D20
OBLONG         41.34     82.68   0.00000  D21
CIRCLE         25.59            D22
CIRCLE         62.99            D23
CIRCLE          68.9            D24
CIRCLE         48.03            D25
SQUARE         48.03   0.00000            D26
RECTANGLE      62.99     70.87   0.00000  D27
RECTANGLE      70.87     62.99   0.00000  D28
RECTANGLE       39.5        14   0.00000  D29
RECTANGLE         14      39.5   0.00000  D30
RECTANGLE      11.81     39.37   0.00000  D31
RECTANGLE      39.37     11.81   0.00000  D32
RECTANGLE         50        25   0.00000  D33
RECTANGLE         25        50   0.00000  D34
RECTANGLE         55        30   0.00000  D35
RECTANGLE         30        55   0.00000  D36
RECTANGLE        126        58   0.00000  D37
RECTANGLE         58       126   0.00000  D38
RECTANGLE         35        58   0.00000  D39
RECTANGLE         58        35   0.00000  D40
RECTANGLE         11      53.5   0.00000  D41
RECTANGLE       53.5        11   0.00000  D42
RECTANGLE      41.34     57.09   0.00000  D43
RECTANGLE      57.09     41.34   0.00000  D44
RECTANGLE         20        17   0.00000  D45
RECTANGLE         17        20   0.00000  D46
RECTANGLE         25        22   0.00000  D47
RECTANGLE         22        25   0.00000  D48
RECTANGLE      11.81     51.18   0.00000  D49
RECTANGLE      51.18     11.81   0.00000  D50
RECTANGLE      23.62     51.18   0.00000  D51
RECTANGLE      51.18     23.62   0.00000  D52
RECTANGLE      21.26     37.01   0.00000  D53
RECTANGLE      37.01     21.26   0.00000  D54
LINE               6            D55
LINE            3.94            D56
Wed Jun 23 09:56:47 2021				Page     2

Photoplot log file
Results from aperture table.

LINE              10            D57
LINE               8            D58
LINE              25            D59
LINE            1.97            D60
LINE            7.87            D61
LINE               5            D62
LINE            22.5            D63
LINE            12.5            D64
LINE              20            D65
LINE              40            D66
LINE              30            D67
LINE            57.5            D68
LINE            17.5            D69

