Padstack Library Drill Report
F:/PCB/Cadence_PCB/FPGA_CCD/allegro/fpga_ccd_3.brd
Fri Jun 18 11:30:32 2021

,Padstack,Type,Size X,Size Y,ToolSize,+ Tolerance,- Tolerance,Symbol Figure,Symbol Characters,Symbol Size X,Symbol Size Y,Plating,Non-standard Drill
1,08_BULK_HEADER,Circle Drill,39.37,,,0.00,0.00,,e,43.31,55.12,Plated,
2,100R110,Circle Drill,110.00,,,0.00,0.00,Circle,A,110.00,110.00,Plated,
3,55R36,Circle Drill,38.00,,,0.00,0.00,Circle,A,38.00,38.00,Plated,
4,55S36,Circle Drill,38.00,,,0.00,0.00,Circle,A,38.00,38.00,Plated,
5,60S85C35D,Circle Drill,35.00,,,0.00,0.00,Circle,,50.00,50.00,Plated,
6,75R47,Circle Drill,47.00,,,0.00,0.00,Circle,A,47.00,47.00,Plated,
7,BCON100T_LIB_PAD1,Circle Drill,38.00,,,0.00,0.00,Circle,A,38.00,38.00,Plated,
8,BCON100T_LIB_PAD2,Circle Drill,38.00,,,0.00,0.00,Circle,A,38.00,38.00,Plated,
9,BCON100T_LLB_PAD1,Circle Drill,37.00,,,0.00,0.00,Circle,A,37.00,37.00,Plated,
10,BCON100T_LLB_PAD2,Circle Drill,37.00,,,0.00,0.00,Circle,A,37.00,37.00,Plated,
11,BCON100T_LLB_PAD3,Circle Drill,42.00,,,0.00,0.00,Circle,A,42.00,42.00,Plated,
12,BCON100T_LLB_PAD4,Circle Drill,42.00,,,0.00,0.00,Circle,A,42.00,42.00,Plated,
13,BCON156T_LIB_PAD1,Circle Drill,70.00,,,0.00,0.00,Circle,A,70.00,70.00,Plated,
14,BCON156T_LIB_PAD2,Circle Drill,70.00,,,0.00,0.00,Circle,A,70.00,70.00,Plated,
15,BCON156T_LLB_PAD1,Circle Drill,70.00,,,0.00,0.00,Circle,A,70.00,70.00,Plated,
16,BCON156T_LLB_PAD2,Circle Drill,70.00,,,0.00,0.00,Circle,A,70.00,70.00,Plated,
17,C122_H82,Circle Drill,32.28,,,0.00,0.00,Diamond,A,32.28,32.28,Plated,
18,C32_5_H65,Circle Drill,25.59,,,0.00,0.00,Diamond,A,25.59,25.59,Non-Plated,
19,CLCC_LLB_PAD15,Circle Drill,34.00,,,0.00,0.00,Circle,A,34.00,34.00,Plated,
20,CLCC_LLB_PAD16_1,Circle Drill,34.00,,,0.00,0.00,Circle,A,34.00,34.00,Plated,
21,CLCC_LLB_PAD17_1,Circle Drill,34.00,,,0.00,0.00,Circle,A,34.00,34.00,Plated,
22,CLCC_LLB_PAD18_1,Circle Drill,34.00,,,0.00,0.00,Circle,A,34.00,34.00,Plated,
23,CLCC_LLB_PAD19,Circle Drill,34.00,,,0.00,0.00,Circle,A,34.00,34.00,Plated,
24,DCON050T_LLB_HOLE1,Circle Drill,109.00,,,0.00,0.00,Circle,A,109.00,109.00,Plated,
25,DCON050T_LLB_PAD1,Circle Drill,34.00,,,0.00,0.00,Circle,A,34.00,34.00,Plated,
26,DCON050T_LLB_PAD2,Circle Drill,34.00,,,0.00,0.00,Circle,A,34.00,34.00,Plated,
27,DCON085T_LLB_HOLE1,Circle Drill,121.00,,,0.00,0.00,Circle,A,121.00,121.00,Plated,
28,DCON085T_LLB_PAD1,Circle Drill,42.00,,,0.00,0.00,Circle,A,42.00,42.00,Plated,
29,DCON085T_LLB_PAD2,Circle Drill,42.00,,,0.00,0.00,Circle,A,42.00,42.00,Plated,
30,DCON085T_LLB_PAD3,Circle Drill,42.00,,,0.00,0.00,Circle,A,42.00,42.00,Plated,
31,DCON085T_LLB_PAD4,Circle Drill,42.00,,,0.00,0.00,Circle,A,42.00,42.00,Plated,
32,DCON085T_LLB_PAD5,Circle Drill,34.00,,,0.00,0.00,Circle,A,34.00,34.00,Plated,
33,DCON085T_LLB_PAD6,Circle Drill,34.00,,,0.00,0.00,Circle,A,34.00,34.00,Plated,
34,DCON085T_LLB_PAD7_1,Circle Drill,34.00,,,0.00,0.00,Circle,A,34.00,34.00,Plated,
35,DCON085T_LLB_PAD8_1,Circle Drill,34.00,,,0.00,0.00,Circle,A,34.00,34.00,Plated,
36,DIMM050F_LLB_HOLE1,Circle Drill,125.00,,,0.00,0.00,Circle,A,125.00,125.00,Plated,
37,DIMM050F_LLB_HOLE2,Circle Drill,118.00,,,0.00,0.00,Circle,A,118.00,118.00,Plated,
38,DIMM050T_LLB_HOLE1,Circle Drill,94.00,,,0.00,0.00,Circle,A,94.00,94.00,Plated,
39,DIMM050T_LLB_HOLE2,Circle Drill,63.00,,,0.00,0.00,Circle,A,63.00,63.00,Plated,
40,DIMM050T_LLB_PAD1,Circle Drill,32.00,,,0.00,0.00,Circle,A,32.00,32.00,Plated,
41,DIMM050T_LLB_PAD2,Circle Drill,32.00,,,0.00,0.00,Circle,A,32.00,32.00,Plated,
42,DIN_LIB_PAD10,Circle Drill,60.00,,,0.00,0.00,Circle,A,60.00,60.00,Plated,
43,DIN_LLB_HOLE1,Circle Drill,116.00,,,0.00,0.00,Circle,A,116.00,116.00,Plated,
44,DIN_LLB_PAD1,Circle Drill,31.00,,,0.00,0.00,Circle,A,31.00,31.00,Plated,
45,DIN_LLB_PAD10,Circle Drill,60.00,,,0.00,0.00,Circle,A,60.00,60.00,Plated,
46,DIN_LLB_PAD11,Circle Drill,91.00,,,0.00,0.00,Circle,A,91.00,91.00,Plated,
47,DIN_LLB_PAD2,Circle Drill,34.00,,,0.00,0.00,Circle,A,34.00,34.00,Plated,
48,DIN_LLB_PAD3,Circle Drill,34.00,,,0.00,0.00,Circle,A,34.00,34.00,Plated,
49,DIN_LLB_PAD4,Circle Drill,31.00,,,0.00,0.00,Circle,A,31.00,31.00,Plated,
50,DIN_LLB_PAD5_1,Circle Drill,46.00,,,0.00,0.00,Circle,A,46.00,46.00,Plated,
51,DIN_LLB_PAD6_1,Circle Drill,46.00,,,0.00,0.00,Circle,A,46.00,46.00,Plated,
52,DIP100T_LLB_PAD1,Circle Drill,34.00,,,0.00,0.00,Circle,A,34.00,34.00,Plated,
53,DIP100T_LLB_PAD2,Circle Drill,34.00,,,0.00,0.00,Circle,A,34.00,34.00,Plated,
54,DIP100T_LLB_PAD3,Circle Drill,34.00,,,0.00,0.00,Circle,A,34.00,34.00,Plated,
55,DIP100T_LLB_PAD3_1,Circle Drill,34.00,,,0.00,0.00,Circle,A,34.00,34.00,Plated,
56,DIP100T_LLB_PAD4,Circle Drill,34.00,,,0.00,0.00,Circle,A,34.00,34.00,Plated,
57,DIP100T_LLB_PAD4_1,Circle Drill,34.00,,,0.00,0.00,Circle,A,34.00,34.00,Plated,
58,DIP100T_LLB_PAD5,Circle Drill,34.00,,,0.00,0.00,Circle,A,34.00,34.00,Plated,
59,DIP100T_LLB_PAD5_1,Circle Drill,34.00,,,0.00,0.00,Circle,A,34.00,34.00,Plated,
60,DSUBT_HD_LLB_HOLE1,Circle Drill,120.00,,,0.00,0.00,Circle,A,120.00,120.00,Plated,
61,DSUBT_HD_LLB_PAD1_1,Circle Drill,42.00,,,0.00,0.00,Circle,A,42.00,42.00,Plated,
62,DSUBT_HD_LLB_PAD2_1,Circle Drill,42.00,,,0.00,0.00,Circle,A,42.00,42.00,Plated,
63,DSUBT_HD_LLB_PAD3,Circle Drill,42.00,,,0.00,0.00,Circle,A,42.00,42.00,Plated,
64,DSUBT_HD_LLB_PAD4,Circle Drill,42.00,,,0.00,0.00,Circle,A,42.00,42.00,Plated,
65,DSUBT_LIB_HOLE1,Circle Drill,120.00,,,0.00,0.00,Circle,A,120.00,120.00,Plated,
66,DSUBT_LIB_PAD3,Circle Drill,42.00,,,0.00,0.00,Circle,A,42.00,42.00,Plated,
67,DSUBT_LIB_PAD4,Circle Drill,42.00,,,0.00,0.00,Circle,A,42.00,42.00,Plated,
68,DSUBT_LLB_HOLE1,Circle Drill,120.00,,,0.00,0.00,Circle,A,120.00,120.00,Plated,
69,DSUBT_LLB_PAD1,Circle Drill,42.00,,,0.00,0.00,Circle,A,42.00,42.00,Plated,
70,DSUBT_LLB_PAD1_1,Circle Drill,42.00,,,0.00,0.00,Circle,A,42.00,42.00,Plated,
71,DSUBT_LLB_PAD2,Circle Drill,42.00,,,0.00,0.00,Circle,A,42.00,42.00,Plated,
72,DSUBT_LLB_PAD2_1,Circle Drill,42.00,,,0.00,0.00,Circle,A,42.00,42.00,Plated,
73,DSUBT_LLB_PAD3,Circle Drill,42.00,,,0.00,0.00,Circle,A,42.00,42.00,Plated,
74,DSUBT_LLB_PAD4,Circle Drill,42.00,,,0.00,0.00,Circle,A,42.00,42.00,Plated,
75,ECON100T_LLB_PAD1,Circle Drill,40.00,,,0.00,0.00,Circle,A,40.00,40.00,Plated,
76,ECON100T_LLB_PAD2,Circle Drill,40.00,,,0.00,0.00,Circle,A,40.00,40.00,Plated,
77,EUROA,Circle Drill,37.00,,,0.00,0.00,Square,,10.00,10.00,Plated,
78,EUROE,Circle Drill,125.00,,,0.00,0.00,Hexagon X,,125.00,125.00,Plated,
79,EX152Y152D152P,Circle Drill,152.00,,,0.00,0.00,,L,40.00,40.00,Non-Plated,
80,EX154Y154D154P,Circle Drill,154.00,,,0.00,0.00,,N,40.00,40.00,Non-Plated,
81,EX75Y75D55P,Circle Drill,55.00,,,0.00,0.00,Triangle,2,40.00,40.00,Plated,
82,EX78Y78D58P,Circle Drill,58.00,,,0.00,0.00,Triangle,5,40.00,40.00,Plated,
83,FBUS_LLB_HOLE1,Circle Drill,60.00,,,0.00,0.00,Circle,A,60.00,60.00,Plated,
84,FBUS_LLB_HOLE2,Circle Drill,81.00,,,0.00,0.00,Circle,A,81.00,81.00,Plated,
85,FBUS_LLB_PAD1,Circle Drill,28.00,,,0.00,0.00,Circle,A,28.00,28.00,Plated,
86,FBUS_LLB_PAD2,Circle Drill,28.00,,,0.00,0.00,Circle,A,28.00,28.00,Plated,
87,HOLE106P,Circle Drill,105.00,,,0.00,0.00,Circle,,10.00,10.00,Plated,
88,HOLE109P,Circle Drill,108.00,,,0.00,0.00,Circle,,10.00,10.00,Plated,
89,HOLE109U,Circle Drill,109.00,,,0.00,0.00,,Y,75.00,75.00,Non-Plated,
90,HOLE120,Circle Drill,120.00,,,0.00,0.00,Circle,,123.00,123.00,Plated,
91,HOLE130P,Circle Drill,130.00,,,0.00,0.00,Oblong Y,,75.00,90.00,Plated,
92,HOLE135,Circle Drill,135.00,,,0.00,0.00,Cross,,135.00,135.00,Non-Plated,
93,HOLE145,Circle Drill,145.00,,,0.00,0.00,Cross,,145.00,145.00,Non-Plated,
94,HOLE150,Circle Drill,150.00,,,0.00,0.00,Circle,,153.00,153.00,Plated,
95,HOLE160,Circle Drill,160.00,,,0.00,0.00,Cross,,160.00,160.00,Non-Plated,
96,HOLE165,Circle Drill,165.00,,,0.00,0.00,Cross,,165.00,165.00,Non-Plated,
97,HOLE170,Circle Drill,170.00,,,0.00,0.00,Cross,,170.00,170.00,Plated,
98,HOLE180,Circle Drill,180.00,,,0.00,0.00,Cross,,180.00,180.00,Non-Plated,
99,HOLE190,Circle Drill,190.00,,,0.00,0.00,Cross,,190.00,190.00,Non-Plated,
100,HOLE210,Circle Drill,210.00,,,0.00,0.00,Cross,,210.00,210.00,Non-Plated,
101,HOLE230,Circle Drill,230.00,,,0.00,0.00,Cross,,230.00,230.00,Non-Plated,
102,HOLE265,Circle Drill,266.00,,,0.00,0.00,Cross,,266.00,266.00,Non-Plated,
103,HOLE280,Circle Drill,280.00,,,0.00,0.00,Cross,,280.00,280.00,Non-Plated,
104,HOLE285,Circle Drill,285.00,,,0.00,0.00,Cross,,285.00,285.00,Non-Plated,
105,HOLE540,Circle Drill,540.00,,,0.00,0.00,Cross,,540.00,540.00,Non-Plated,
106,HOLE800,Circle Drill,800.00,,,0.00,0.00,Cross,,800.00,800.00,Plated,
107,H_C65,Circle Drill,25.59,,,0.00,0.00,Cross,,39.37,39.37,Non-Plated,
108,ISA_LLB_PAD1,Circle Drill,40.00,,,0.00,0.00,Circle,A,40.00,40.00,Plated,
109,ISA_LLB_PAD2,Circle Drill,40.00,,,0.00,0.00,Circle,A,40.00,40.00,Plated,
110,J1,Circle Drill,38.00,,,0.00,0.00,Circle,A,38.00,38.00,Plated,
111,LCON100T_LLB_HOLE1,Circle Drill,116.00,,,0.00,0.00,Circle,A,116.00,116.00,Plated,
112,LCON100T_LLB_PAD1,Circle Drill,42.00,,,0.00,0.00,Circle,A,42.00,42.00,Plated,
113,LCON100T_LLB_PAD2,Circle Drill,42.00,,,0.00,0.00,Circle,A,42.00,42.00,Plated,
114,LCON100T_LLB_PAD3,Circle Drill,37.00,,,0.00,0.00,Circle,A,37.00,37.00,Plated,
115,LCON100T_LLB_PAD4,Circle Drill,37.00,,,0.00,0.00,Circle,A,37.00,37.00,Plated,
116,PAD100CIR62D,Circle Drill,62.00,,,0.00,0.00,Oblong X,,62.00,50.00,Plated,
117,PAD100CIR79D,Circle Drill,79.00,,,0.00,0.00,,C,60.00,60.00,Plated,
118,PAD100CIR84D,Circle Drill,84.00,,,0.00,0.00,Cross,,84.00,84.00,Plated,
119,PAD100SQ62D,Circle Drill,61.00,,,0.00,0.00,Oblong X,,100.00,50.00,Plated,
120,PAD120CIR62D,Circle Drill,61.00,,,0.00,0.00,Oblong X,,100.00,50.00,Plated,
121,PAD125,Circle Drill,125.00,,,0.00,0.00,,X,75.00,75.00,Non-Plated,
122,PAD125CIR63D,Circle Drill,63.00,,,0.00,0.00,,D,60.00,60.00,Plated,
123,PAD150CIR63D,Circle Drill,63.00,,,0.00,0.00,,D,60.00,60.00,Plated,
124,PAD156,Circle Drill,156.00,,,0.00,0.00,,A,100.00,100.00,Non-Plated,
125,PAD170H,Circle Drill,170.00,,,0.00,0.00,Square,,170.00,170.00,Non-Plated,
126,PAD250,Circle Drill,250.00,,,0.00,0.00,,B,100.00,100.00,Non-Plated,
127,PAD262REC35,Circle Drill,35.00,,,0.00,0.00,Rectangle,,35.00,45.00,Non-Plated,
128,PAD30CIR20D,Circle Drill,20.00,,,0.00,0.00,Cross,,20.00,20.00,Plated,
129,PAD31CIR21D,Circle Drill,21.00,,,0.00,0.00,Circle,,21.00,21.00,Plated,
130,PAD35CIR21D,Circle Drill,21.00,,,0.00,0.00,Circle,,21.00,21.00,Plated,
131,PAD35CIR25D,Circle Drill,25.00,,,0.00,0.00,Cross,,25.00,25.00,Plated,
132,PAD40CIR25D,Circle Drill,25.00,,,0.00,0.00,Cross,,25.00,25.00,Plated,
133,PAD40CIR28D,Circle Drill,28.00,,,0.00,0.00,Cross,,28.00,28.00,Plated,
134,PAD40CIR33D,Circle Drill,33.00,,,0.00,0.00,Cross,,33.00,33.00,Plated,
135,PAD424CIR170D,Circle Drill,170.00,,,0.00,0.00,Hexagon X,,497.00,497.00,Plated,
136,PAD43CIR33D,Circle Drill,33.00,,,0.00,0.00,Cross,,33.00,33.00,Plated,
137,PAD44CIR33,Circle Drill,33.00,,,0.00,0.00,Cross,,33.00,33.00,Plated,
138,PAD44CIR34D,Circle Drill,36.00,,,0.00,0.00,Hexagon X,,50.00,50.00,Plated,
139,PAD45CIR22D,Circle Drill,22.00,,,0.00,0.00,Hexagon X,,22.00,22.00,Plated,
140,PAD45CIR30D,Circle Drill,30.00,,,0.00,0.00,Hexagon X,,33.00,33.00,Plated,
141,PAD50CIR30D,Circle Drill,30.00,,,0.00,0.00,Hexagon X,,33.00,33.00,Plated,
142,PAD50CIR32D,Circle Drill,32.00,,,0.00,0.00,Rectangle,,45.00,25.00,Plated,
143,PAD50SQ30D,Circle Drill,30.00,,,0.00,0.00,Hexagon X,,33.00,33.00,Plated,
144,PAD50SQ32D,Circle Drill,32.00,,,0.00,0.00,Rectangle,,45.00,25.00,Plated,
145,PAD55CIR25,Circle Drill,25.00,,,0.00,0.00,Cross,,25.00,25.00,Plated,
146,PAD55CIR25D,Circle Drill,25.00,,,0.00,0.00,Cross,,25.00,25.00,Plated,
147,PAD55SCIR25D,Circle Drill,25.00,,,0.00,0.00,Cross,,25.00,25.00,Plated,
148,PAD55SQ25D,Circle Drill,25.00,,,0.00,0.00,Cross,,25.00,25.00,Plated,
149,PAD60CIR35,Circle Drill,40.00,,,0.00,0.00,Cross,,40.00,40.00,Plated,
150,PAD60CIR35D,Circle Drill,35.00,,,0.00,0.00,Circle,,50.00,50.00,Plated,
151,PAD60CIR36D,Circle Drill,36.00,,,0.00,0.00,Hexagon X,,50.00,50.00,Plated,
152,PAD60CIR38D,Circle Drill,40.00,,,0.00,0.00,Cross,,40.00,40.00,Plated,
153,PAD60CIR42D,Circle Drill,42.00,,,0.00,0.00,Oblong Y,,40.00,65.00,Plated,
154,PAD60SQ36D,Circle Drill,36.00,,,0.00,0.00,Hexagon X,,50.00,50.00,Plated,
155,PAD62CIR32D,Circle Drill,32.00,,,0.00,0.00,Oblong Y,,40.00,65.00,Plated,
156,PAD62SQ32D,Circle Drill,32.00,,,0.00,0.00,Square,,10.00,10.00,Plated,
157,PAD62SQ37D,Circle Drill,37.00,,,0.00,0.00,Square,,10.00,10.00,Plated,
158,PAD65CIR35D,Circle Drill,35.00,,,0.00,0.00,Oblong Y,,40.00,65.00,Plated,
159,PAD65CIR37D,Circle Drill,36.00,,,0.00,0.00,Hexagon X,,50.00,50.00,Plated,
160,PAD65CIR41D,Circle Drill,41.00,,,0.00,0.00,Cross,,41.00,41.00,Plated,
161,PAD65CIR42D,Circle Drill,42.00,,,0.00,0.00,Oblong Y,,40.00,65.00,Plated,
162,PAD65CIR43D,Circle Drill,43.00,,,0.00,0.00,Cross,,43.00,43.00,Plated,
163,PAD65SQ35D,Circle Drill,35.00,,,0.00,0.00,Square,,10.00,10.00,Plated,
164,PAD65SQ37D,Circle Drill,36.00,,,0.00,0.00,Hexagon X,,50.00,50.00,Plated,
165,PAD667CIR227D,Circle Drill,227.00,,,0.00,0.00,Hexagon X,,782.00,782.00,Plated,
166,PAD70CIR45D,Circle Drill,44.00,,,0.00,0.00,Hexagon X,,40.00,40.00,Plated,
167,PAD70CIR60D,Circle Drill,60.00,,,0.00,0.00,Cross,,60.00,60.00,Plated,
168,PAD70SQ45D,Circle Drill,44.00,,,0.00,0.00,Hexagon X,,40.00,40.00,Plated,
169,PAD75CIR38D,Circle Drill,38.00,,,0.00,0.00,Square,,50.00,50.00,Plated,
170,PAD75CIR45D,Circle Drill,45.00,,,0.00,0.00,Cross,,50.00,50.00,Plated,
171,PAD75CIR49D,Circle Drill,49.00,,,0.00,0.00,Square,,50.00,50.00,Plated,
172,PAD75CIR51D,Circle Drill,51.00,,,0.00,0.00,Diamond,,25.00,40.00,Plated,
173,PAD75SQ49D,Circle Drill,49.00,,,0.00,0.00,Square,,50.00,50.00,Plated,
174,PAD80CIR50D,Circle Drill,50.00,,,0.00,0.00,Rectangle,,75.00,50.00,Plated,
175,PAD80CIR55D,Circle Drill,55.00,,,0.00,0.00,Hexagon X,,65.00,65.00,Plated,
176,PAD80CIR65D,Circle Drill,66.00,,,0.00,0.00,Cross,,66.00,66.00,Plated,
177,PAD90CIR70D,Circle Drill,70.00,,,0.00,0.00,Cross,,70.00,70.00,Plated,
178,PAD93CIR51D,Circle Drill,51.00,,,0.00,0.00,Diamond,,25.00,40.00,Plated,
179,PAD93CIR52D,Circle Drill,52.00,,,0.00,0.00,Hexagon X,,52.00,52.00,Plated,
180,PAD93CIR53D,Circle Drill,53.00,,,0.00,0.00,Hexagon X,,53.00,53.00,Plated,
181,PAD93CIR56D,Circle Drill,56.00,,,0.00,0.00,Hexagon X,C,56.00,56.00,Plated,
182,PAD93CIR58D,Circle Drill,58.00,,,0.00,0.00,Triangle,C,25.00,35.00,Plated,
183,PC104_LLB_PAD1,Circle Drill,37.00,,,0.00,0.00,Circle,A,37.00,37.00,Plated,
184,PC104_LLB_PAD2,Circle Drill,37.00,,,0.00,0.00,Circle,A,37.00,37.00,Plated,
185,PC104_LLB_PAD3,Circle Drill,37.00,,,0.00,0.00,Circle,A,37.00,37.00,Plated,
186,PC104_LLB_PAD4,Circle Drill,37.00,,,0.00,0.00,Circle,A,37.00,37.00,Plated,
187,PCI_LLB_HOLE1,Circle Drill,96.00,,,0.00,0.00,Circle,A,96.00,96.00,Plated,
188,PCI_LLB_PAD1,Circle Drill,31.00,,,0.00,0.00,Circle,A,31.00,31.00,Plated,
189,PCI_LLB_PAD2,Circle Drill,31.00,,,0.00,0.00,Circle,A,31.00,31.00,Plated,
190,PCON100T_LLB_PAD1,Circle Drill,42.00,,,0.00,0.00,Circle,A,42.00,42.00,Plated,
191,PCON100T_LLB_PAD2,Circle Drill,42.00,,,0.00,0.00,Circle,A,42.00,42.00,Plated,
192,PCON156T_LLB_PAD1,Circle Drill,70.00,,,0.00,0.00,Circle,A,70.00,70.00,Plated,
193,PCON156T_LLB_PAD2,Circle Drill,70.00,,,0.00,0.00,Circle,A,70.00,70.00,Plated,
194,PGA,Circle Drill,32.00,,,0.00,0.00,Rectangle,,45.00,25.00,Plated,
195,PGA_LLB_PAD1_1,Circle Drill,34.00,,,0.00,0.00,Circle,A,34.00,34.00,Plated,
196,PGA_LLB_PAD2_1,Circle Drill,34.00,,,0.00,0.00,Circle,A,34.00,34.00,Plated,
197,PGA_LLB_PAD3_1,Circle Drill,28.00,,,0.00,0.00,Circle,A,28.00,28.00,Plated,
198,PGA_LLB_PAD4_1,Circle Drill,28.00,,,0.00,0.00,Circle,A,28.00,28.00,Plated,
199,PGA_SQ,Circle Drill,32.00,,,0.00,0.00,Rectangle,,45.00,25.00,Plated,
200,PLCC_LLB_HOLE1,Circle Drill,67.00,,,0.00,0.00,Circle,A,67.00,67.00,Plated,
201,PLCC_LLB_PAD1,Circle Drill,34.00,,,0.00,0.00,Circle,A,34.00,34.00,Plated,
202,PLCC_LLB_PAD2,Circle Drill,34.00,,,0.00,0.00,Circle,A,34.00,34.00,Plated,
203,PLCC_LLB_PAD3_1,Circle Drill,34.00,,,0.00,0.00,Circle,A,34.00,34.00,Plated,
204,PLCC_LLB_PAD4_1,Circle Drill,34.00,,,0.00,0.00,Circle,A,34.00,34.00,Plated,
205,PLCC_LLB_PAD5_1,Circle Drill,34.00,,,0.00,0.00,Circle,A,34.00,34.00,Plated,
206,QUADB_LLB_PAD17_1,Circle Drill,27.00,,,0.00,0.00,Circle,A,27.00,27.00,Plated,
207,QUADB_LLB_PAD18_1,Circle Drill,27.00,,,0.00,0.00,Circle,A,27.00,27.00,Plated,
208,QUADB_LLB_PAD19_1,Circle Drill,27.00,,,0.00,0.00,Circle,A,27.00,27.00,Plated,
209,QUADB_LLB_PAD20,Circle Drill,27.00,,,0.00,0.00,Circle,A,27.00,27.00,Plated,
210,QUADB_LLB_PAD21_1,Circle Drill,27.00,,,0.00,0.00,Circle,A,27.00,27.00,Plated,
211,QUADB_LLB_PAD22_1,Circle Drill,27.00,,,0.00,0.00,Circle,A,27.00,27.00,Plated,
212,QUADB_LLB_PAD23,Circle Drill,27.00,,,0.00,0.00,Circle,A,27.00,27.00,Plated,
213,QUAD_LLB_PAD1_1,Circle Drill,27.00,,,0.00,0.00,Circle,A,27.00,27.00,Plated,
214,QUAD_LLB_PAD28_1,Circle Drill,24.00,,,0.00,0.00,Circle,A,24.00,24.00,Plated,
215,QUAD_LLB_PAD29_1,Circle Drill,24.00,,,0.00,0.00,Circle,A,24.00,24.00,Plated,
216,QUAD_LLB_PAD2_1,Circle Drill,27.00,,,0.00,0.00,Circle,A,27.00,27.00,Plated,
217,QUAD_LLB_PAD30_1,Circle Drill,24.00,,,0.00,0.00,Circle,A,24.00,24.00,Plated,
218,QUAD_LLB_PAD31_1,Circle Drill,24.00,,,0.00,0.00,Circle,A,24.00,24.00,Plated,
219,QUAD_LLB_PAD32,Circle Drill,24.00,,,0.00,0.00,Circle,A,24.00,24.00,Plated,
220,QUAD_LLB_PAD3_1,Circle Drill,27.00,,,0.00,0.00,Circle,A,27.00,27.00,Plated,
221,QUAD_LLB_PAD81,Circle Drill,27.00,,,0.00,0.00,Circle,A,27.00,27.00,Plated,
222,QUAD_LLB_PAD82,Circle Drill,27.00,,,0.00,0.00,Circle,A,27.00,27.00,Plated,
223,QUAD_LLB_PAD83_1,Circle Drill,27.00,,,0.00,0.00,Circle,A,27.00,27.00,Plated,
224,QUAD_LLB_PAD84_1,Circle Drill,27.00,,,0.00,0.00,Circle,A,27.00,27.00,Plated,
225,RELAY_LLB_PAD10_1,Circle Drill,42.00,,,0.00,0.00,Circle,A,42.00,42.00,Plated,
226,RELAY_LLB_PAD11_1,Circle Drill,31.00,,,0.00,0.00,Circle,A,31.00,31.00,Plated,
227,RELAY_LLB_PAD12_1,Circle Drill,42.00,,,0.00,0.00,Circle,A,42.00,42.00,Plated,
228,RELAY_LLB_PAD15_1,Circle Drill,58.00,,,0.00,0.00,Circle,A,58.00,58.00,Plated,
229,RELAY_LLB_PAD16_1,Circle Drill,58.00,,,0.00,0.00,Circle,A,58.00,58.00,Plated,
230,RELAY_LLB_PAD17_1,Circle Drill,58.00,,,0.00,0.00,Circle,A,58.00,58.00,Plated,
231,RELAY_LLB_PAD18_1,Circle Drill,54.00,,,0.00,0.00,Circle,A,54.00,54.00,Plated,
232,RELAY_LLB_PAD19_1,Circle Drill,50.00,,,0.00,0.00,Circle,A,50.00,50.00,Plated,
233,RELAY_LLB_PAD1_1,Circle Drill,31.00,,,0.00,0.00,Circle,A,31.00,31.00,Plated,
234,RELAY_LLB_PAD20_1,Circle Drill,46.00,,,0.00,0.00,Circle,A,46.00,46.00,Plated,
235,RELAY_LLB_PAD23_1,Circle Drill,37.00,,,0.00,0.00,Circle,A,37.00,37.00,Plated,
236,RELAY_LLB_PAD24_1,Circle Drill,71.00,,,0.00,0.00,Circle,A,71.00,71.00,Plated,
237,RELAY_LLB_PAD25_1,Circle Drill,71.00,,,0.00,0.00,Circle,A,71.00,71.00,Plated,
238,RELAY_LLB_PAD2_1,Circle Drill,46.00,,,0.00,0.00,Circle,A,46.00,46.00,Plated,
239,RELAY_LLB_PAD30_1,Circle Drill,50.00,,,0.00,0.00,Circle,A,50.00,50.00,Plated,
240,RELAY_LLB_PAD31_1,Circle Drill,50.00,,,0.00,0.00,Circle,A,50.00,50.00,Plated,
241,RELAY_LLB_PAD32_1,Circle Drill,40.00,,,0.00,0.00,Circle,A,40.00,40.00,Plated,
242,RELAY_LLB_PAD33_1,Circle Drill,40.00,,,0.00,0.00,Circle,A,40.00,40.00,Plated,
243,RELAY_LLB_PAD34_1,Circle Drill,40.00,,,0.00,0.00,Circle,A,40.00,40.00,Plated,
244,RELAY_LLB_PAD35_1,Circle Drill,40.00,,,0.00,0.00,Circle,A,40.00,40.00,Plated,
245,RELAY_LLB_PAD36_1,Circle Drill,50.00,,,0.00,0.00,Circle,A,50.00,50.00,Plated,
246,RELAY_LLB_PAD3_1,Circle Drill,46.00,,,0.00,0.00,Circle,A,46.00,46.00,Plated,
247,RELAY_LLB_PAD4_1,Circle Drill,34.00,,,0.00,0.00,Circle,A,34.00,34.00,Plated,
248,RELAY_LLB_PAD5_1,Circle Drill,34.00,,,0.00,0.00,Circle,A,34.00,34.00,Plated,
249,RELAY_LLB_PAD8_1,Circle Drill,42.00,,,0.00,0.00,Circle,A,42.00,42.00,Plated,
250,RELAY_LLB_PAD9_1,Circle Drill,42.00,,,0.00,0.00,Circle,A,42.00,42.00,Plated,
251,RF_LLB_HOLE1,Circle Drill,79.00,,,0.00,0.00,Circle,A,79.00,79.00,Plated,
252,RF_LLB_PAD1,Circle Drill,54.00,,,0.00,0.00,Circle,A,54.00,54.00,Plated,
253,RF_LLB_PAD2,Circle Drill,50.00,,,0.00,0.00,Circle,A,50.00,50.00,Plated,
254,RF_LLB_PAD3,Circle Drill,67.00,,,0.00,0.00,Circle,A,67.00,67.00,Plated,
255,RF_LLB_PAD4,Circle Drill,35.00,,,0.00,0.00,Circle,A,35.00,35.00,Plated,
256,S122_H82,Circle Drill,32.28,,,0.00,0.00,Diamond,B,32.28,32.28,Plated,
257,SBUS_LLB_HOLE1,Circle Drill,62.00,,,0.00,0.00,Circle,A,62.00,62.00,Plated,
258,SBUS_LLB_PAD1,Circle Drill,28.00,,,0.00,0.00,Circle,A,28.00,28.00,Plated,
259,SBUS_LLB_PAD2,Circle Drill,31.00,,,0.00,0.00,Circle,A,31.00,31.00,Plated,
260,SBUS_LLB_PAD3,Circle Drill,28.00,,,0.00,0.00,Circle,A,28.00,28.00,Plated,
261,SBUS_LLB_PAD4_1,Circle Drill,28.00,,,0.00,0.00,Circle,A,28.00,28.00,Plated,
262,SBUS_LLB_PAD5_1,Circle Drill,31.00,,,0.00,0.00,Circle,A,31.00,31.00,Plated,
263,SBUS_LLB_PAD6_1,Circle Drill,28.00,,,0.00,0.00,Circle,A,28.00,28.00,Plated,
264,SIMM050F_LLB_HOLE1,Circle Drill,125.00,,,0.00,0.00,Circle,A,125.00,125.00,Plated,
265,SIMM050T_LLB_HOLE1,Circle Drill,80.00,,,0.00,0.00,Circle,A,80.00,80.00,Plated,
266,SIMM050T_LLB_HOLE2,Circle Drill,96.00,,,0.00,0.00,Circle,A,96.00,96.00,Plated,
267,SIMM050T_LLB_HOLE3,Circle Drill,62.00,,,0.00,0.00,Circle,A,62.00,62.00,Plated,
268,SIMM050T_LLB_HOLE4,Circle Drill,95.00,,,0.00,0.00,Circle,A,95.00,95.00,Plated,
269,SIMM050T_LLB_PAD1,Circle Drill,40.00,,,0.00,0.00,Circle,A,40.00,40.00,Plated,
270,SIMM050T_LLB_PAD2,Circle Drill,40.00,,,0.00,0.00,Circle,A,40.00,40.00,Plated,
271,SIMM050T_LLB_PAD3,Circle Drill,40.00,,,0.00,0.00,Circle,A,40.00,40.00,Plated,
272,SIMM050T_LLB_PAD3_1,Circle Drill,40.00,,,0.00,0.00,Circle,A,40.00,40.00,Plated,
273,SIMM050T_LLB_PAD4,Circle Drill,40.00,,,0.00,0.00,Circle,A,40.00,40.00,Plated,
274,SIMM050T_LLB_PAD4_1,Circle Drill,40.00,,,0.00,0.00,Circle,A,40.00,40.00,Plated,
275,SIMM100F_LLB_HOLE1,Circle Drill,125.00,,,0.00,0.00,Circle,A,125.00,125.00,Plated,
276,SIMM100T_LLB_HOLE1,Circle Drill,62.00,,,0.00,0.00,Circle,A,62.00,62.00,Plated,
277,SIMM100T_LLB_HOLE2,Circle Drill,95.00,,,0.00,0.00,Circle,A,95.00,95.00,Plated,
278,SIMM100T_LLB_HOLE3,Circle Drill,64.00,,,0.00,0.00,Circle,A,64.00,64.00,Plated,
279,SIMM100T_LLB_HOLE4,Circle Drill,93.00,,,0.00,0.00,Circle,A,93.00,93.00,Plated,
280,SIMM100T_LLB_PAD1,Circle Drill,40.00,,,0.00,0.00,Circle,A,40.00,40.00,Plated,
281,SIMM100T_LLB_PAD2,Circle Drill,40.00,,,0.00,0.00,Circle,A,40.00,40.00,Plated,
282,SIP_LIB_PAD1,Circle Drill,34.00,,,0.00,0.00,Circle,A,34.00,34.00,Plated,
283,SIP_LIB_PAD2,Circle Drill,34.00,,,0.00,0.00,Circle,A,34.00,34.00,Plated,
284,SIP_LLB_PAD1,Circle Drill,34.00,,,0.00,0.00,Circle,A,34.00,34.00,Plated,
285,SIP_LLB_PAD2,Circle Drill,34.00,,,0.00,0.00,Circle,A,34.00,34.00,Plated,
286,SOJ_LLB_HOLE1,Circle Drill,55.00,,,0.00,0.00,Circle,A,55.00,55.00,Plated,
287,SQ55,Circle Drill,36.00,,,0.00,0.00,Diamond,A,50.00,50.00,Plated,
288,SQ60,Circle Drill,36.00,,,0.00,0.00,Diamond,A,50.00,50.00,Plated,
289,T1_1,Circle Drill,38.00,,,0.00,0.00,Circle,A,38.00,38.00,Plated,
290,T3_1,Circle Drill,38.00,,,0.00,0.00,Circle,A,38.00,38.00,Plated,
291,T4_1,Circle Drill,38.00,,,0.00,0.00,Circle,A,38.00,38.00,Plated,
292,TELE_LLB_HOLE1,Circle Drill,128.00,,,0.00,0.00,Circle,A,128.00,128.00,Plated,
293,TELE_LLB_PAD1,Circle Drill,34.00,,,0.00,0.00,Circle,A,34.00,34.00,Plated,
294,TELE_LLB_PAD2,Circle Drill,34.00,,,0.00,0.00,Circle,A,34.00,34.00,Plated,
295,TM_035H_055P_RND,Circle Drill,34.00,,,0.00,0.00,Circle,A,34.00,34.00,Plated,
296,TM_035H_055P_SQ,Circle Drill,34.00,,,0.00,0.00,Circle,A,34.00,34.00,Plated,
297,TM_091H_112P_RND,Circle Drill,91.00,,,0.00,0.00,Circle,A,91.00,91.00,Plated,
298,TM_AXIAL_LLB_PAD1,Circle Drill,34.00,,,0.00,0.00,Circle,A,34.00,34.00,Plated,
299,TM_AXIAL_LLB_PAD2,Circle Drill,28.00,,,0.00,0.00,Circle,A,28.00,28.00,Plated,
300,TM_AXIAL_LLB_PAD3,Circle Drill,31.00,,,0.00,0.00,Circle,A,31.00,31.00,Plated,
301,TM_AXIAL_LLB_PAD5,Circle Drill,40.00,,,0.00,0.00,Circle,A,40.00,40.00,Plated,
302,TM_AXIAL_LLB_PAD6,Circle Drill,42.00,,,0.00,0.00,Circle,A,42.00,42.00,Plated,
303,TM_AXIAL_LLB_PAD7,Circle Drill,58.00,,,0.00,0.00,Circle,A,58.00,58.00,Plated,
304,TM_AXIAL_LLB_PAD8,Circle Drill,50.00,,,0.00,0.00,Circle,A,50.00,50.00,Plated,
305,TM_AXIAL_LLB_PAD9,Circle Drill,46.00,,,0.00,0.00,Circle,A,46.00,46.00,Plated,
306,TM_CAP_P_LLB_PAD1,Circle Drill,34.00,,,0.00,0.00,Circle,A,34.00,34.00,Plated,
307,TM_CAP_P_LLB_PAD10,Circle Drill,40.00,,,0.00,0.00,Circle,A,40.00,40.00,Plated,
308,TM_CAP_P_LLB_PAD2,Circle Drill,34.00,,,0.00,0.00,Circle,A,34.00,34.00,Plated,
309,TM_CAP_P_LLB_PAD2_1,Circle Drill,37.00,,,0.00,0.00,Circle,A,37.00,37.00,Plated,
310,TM_CAP_P_LLB_PAD3,Circle Drill,31.00,,,0.00,0.00,Circle,A,31.00,31.00,Plated,
311,TM_CAP_P_LLB_PAD4,Circle Drill,31.00,,,0.00,0.00,Circle,A,31.00,31.00,Plated,
312,TM_CAP_P_LLB_PAD5,Circle Drill,37.00,,,0.00,0.00,Circle,A,37.00,37.00,Plated,
313,TM_CAP_P_LLB_PAD7,Circle Drill,50.00,,,0.00,0.00,Circle,A,50.00,50.00,Plated,
314,TM_CAP_P_LLB_PAD8,Circle Drill,50.00,,,0.00,0.00,Circle,A,50.00,50.00,Plated,
315,TM_CAP_P_LLB_PAD9,Circle Drill,40.00,,,0.00,0.00,Circle,A,40.00,40.00,Plated,
316,TM_CYLND_LLB_PAD1,Circle Drill,34.00,,,0.00,0.00,Circle,A,34.00,34.00,Plated,
317,TM_CYLND_LLB_PAD2,Circle Drill,34.00,,,0.00,0.00,Circle,A,34.00,34.00,Plated,
318,TM_CYLND_LLB_PAD3,Circle Drill,31.00,,,0.00,0.00,Circle,A,31.00,31.00,Plated,
319,TM_CYLND_LLB_PAD4,Circle Drill,31.00,,,0.00,0.00,Circle,A,31.00,31.00,Plated,
320,TM_CYLND_LLB_PAD5,Circle Drill,37.00,,,0.00,0.00,Circle,A,37.00,37.00,Plated,
321,TM_CYLND_LLB_PAD7,Circle Drill,40.00,,,0.00,0.00,Circle,A,40.00,40.00,Plated,
322,TM_CYLND_LLB_PAD8,Circle Drill,40.00,,,0.00,0.00,Circle,A,40.00,40.00,Plated,
323,TM_DIODE_LLB_PAD1,Circle Drill,42.00,,,0.00,0.00,Circle,A,42.00,42.00,Plated,
324,TM_DIODE_LLB_PAD10,Circle Drill,28.00,,,0.00,0.00,Circle,A,28.00,28.00,Plated,
325,TM_DIODE_LLB_PAD11,Circle Drill,40.00,,,0.00,0.00,Circle,A,40.00,40.00,Plated,
326,TM_DIODE_LLB_PAD11_1,Circle Drill,40.00,,,0.00,0.00,Circle,A,40.00,40.00,Plated,
327,TM_DIODE_LLB_PAD12,Circle Drill,40.00,,,0.00,0.00,Circle,A,40.00,40.00,Plated,
328,TM_DIODE_LLB_PAD12_1,Circle Drill,40.00,,,0.00,0.00,Circle,A,40.00,40.00,Plated,
329,TM_DIODE_LLB_PAD13,Circle Drill,34.00,,,0.00,0.00,Circle,A,34.00,34.00,Plated,
330,TM_DIODE_LLB_PAD14,Circle Drill,34.00,,,0.00,0.00,Circle,A,34.00,34.00,Plated,
331,TM_DIODE_LLB_PAD15_1,Circle Drill,42.00,,,0.00,0.00,Circle,A,42.00,42.00,Plated,
332,TM_DIODE_LLB_PAD16_1,Circle Drill,42.00,,,0.00,0.00,Circle,A,42.00,42.00,Plated,
333,TM_DIODE_LLB_PAD17,Circle Drill,46.00,,,0.00,0.00,Circle,A,46.00,46.00,Plated,
334,TM_DIODE_LLB_PAD18,Circle Drill,46.00,,,0.00,0.00,Circle,A,46.00,46.00,Plated,
335,TM_DIODE_LLB_PAD19_1,Circle Drill,46.00,,,0.00,0.00,Circle,A,46.00,46.00,Plated,
336,TM_DIODE_LLB_PAD2,Circle Drill,42.00,,,0.00,0.00,Circle,A,42.00,42.00,Plated,
337,TM_DIODE_LLB_PAD20_1,Circle Drill,46.00,,,0.00,0.00,Circle,A,46.00,46.00,Plated,
338,TM_DIODE_LLB_PAD21,Circle Drill,50.00,,,0.00,0.00,Circle,A,50.00,50.00,Plated,
339,TM_DIODE_LLB_PAD22,Circle Drill,50.00,,,0.00,0.00,Circle,A,50.00,50.00,Plated,
340,TM_DIODE_LLB_PAD23,Circle Drill,62.00,,,0.00,0.00,Circle,A,62.00,62.00,Plated,
341,TM_DIODE_LLB_PAD24,Circle Drill,62.00,,,0.00,0.00,Circle,A,62.00,62.00,Plated,
342,TM_DIODE_LLB_PAD25,Circle Drill,67.00,,,0.00,0.00,Circle,A,67.00,67.00,Plated,
343,TM_DIODE_LLB_PAD26,Circle Drill,67.00,,,0.00,0.00,Circle,A,67.00,67.00,Plated,
344,TM_DIODE_LLB_PAD27_1,Circle Drill,50.00,,,0.00,0.00,Circle,A,50.00,50.00,Plated,
345,TM_DIODE_LLB_PAD28_1,Circle Drill,50.00,,,0.00,0.00,Circle,A,50.00,50.00,Plated,
346,TM_DIODE_LLB_PAD29,Circle Drill,28.00,,,0.00,0.00,Circle,A,28.00,28.00,Plated,
347,TM_DIODE_LLB_PAD29_1,Circle Drill,28.00,,,0.00,0.00,Circle,A,28.00,28.00,Plated,
348,TM_DIODE_LLB_PAD3,Circle Drill,31.00,,,0.00,0.00,Circle,A,31.00,31.00,Plated,
349,TM_DIODE_LLB_PAD30,Circle Drill,28.00,,,0.00,0.00,Circle,A,28.00,28.00,Plated,
350,TM_DIODE_LLB_PAD30_1,Circle Drill,28.00,,,0.00,0.00,Circle,A,28.00,28.00,Plated,
351,TM_DIODE_LLB_PAD31,Circle Drill,42.00,,,0.00,0.00,Circle,A,42.00,42.00,Plated,
352,TM_DIODE_LLB_PAD32,Circle Drill,42.00,,,0.00,0.00,Circle,A,42.00,42.00,Plated,
353,TM_DIODE_LLB_PAD33,Circle Drill,64.00,,,0.00,0.00,Circle,A,64.00,64.00,Plated,
354,TM_DIODE_LLB_PAD34,Circle Drill,64.00,,,0.00,0.00,Circle,A,64.00,64.00,Plated,
355,TM_DIODE_LLB_PAD35,Circle Drill,61.00,,,0.00,0.00,Circle,A,61.00,61.00,Plated,
356,TM_DIODE_LLB_PAD36,Circle Drill,61.00,,,0.00,0.00,Circle,A,61.00,61.00,Plated,
357,TM_DIODE_LLB_PAD39,Circle Drill,52.00,,,0.00,0.00,Circle,A,52.00,52.00,Plated,
358,TM_DIODE_LLB_PAD4,Circle Drill,31.00,,,0.00,0.00,Circle,A,31.00,31.00,Plated,
359,TM_DIODE_LLB_PAD40,Circle Drill,52.00,,,0.00,0.00,Circle,A,52.00,52.00,Plated,
360,TM_DIODE_LLB_PAD5_1,Circle Drill,31.00,,,0.00,0.00,Circle,A,31.00,31.00,Plated,
361,TM_DIODE_LLB_PAD6_1,Circle Drill,31.00,,,0.00,0.00,Circle,A,31.00,31.00,Plated,
362,TM_DIODE_LLB_PAD7_1,Circle Drill,34.00,,,0.00,0.00,Circle,A,34.00,34.00,Plated,
363,TM_DIODE_LLB_PAD8_1,Circle Drill,34.00,,,0.00,0.00,Circle,A,34.00,34.00,Plated,
364,TM_DIODE_LLB_PAD9,Circle Drill,28.00,,,0.00,0.00,Circle,A,28.00,28.00,Plated,
365,TM_DISC_LLB_PAD1,Circle Drill,34.00,,,0.00,0.00,Circle,A,34.00,34.00,Plated,
366,TM_DISC_LLB_PAD2,Circle Drill,42.00,,,0.00,0.00,Circle,A,42.00,42.00,Plated,
367,TM_DISC_LLB_PAD3,Circle Drill,31.00,,,0.00,0.00,Circle,A,31.00,31.00,Plated,
368,TM_DISC_LLB_PAD5,Circle Drill,40.00,,,0.00,0.00,Circle,A,40.00,40.00,Plated,
369,TM_RAD_LLB_PAD1,Circle Drill,34.00,,,0.00,0.00,Circle,A,34.00,34.00,Plated,
370,TM_RAD_LLB_PAD2,Circle Drill,31.00,,,0.00,0.00,Circle,A,31.00,31.00,Plated,
371,TM_RAD_LLB_PAD3,Circle Drill,40.00,,,0.00,0.00,Circle,A,40.00,40.00,Plated,
372,TO_LLB_HOLE1_1,Circle Drill,161.00,,,0.00,0.00,Circle,A,161.00,161.00,Plated,
373,TO_LLB_HOLE2_1,Circle Drill,130.00,,,0.00,0.00,Circle,A,130.00,130.00,Plated,
374,TO_LLB_HOLE3,Circle Drill,152.00,,,0.00,0.00,Circle,A,152.00,152.00,Plated,
375,TO_LLB_HOLE3_1,Circle Drill,152.00,,,0.00,0.00,Circle,A,152.00,152.00,Plated,
376,TO_LLB_HOLE4_1,Circle Drill,167.00,,,0.00,0.00,Circle,A,167.00,167.00,Plated,
377,TO_LLB_HOLE5_1,Circle Drill,147.00,,,0.00,0.00,Circle,A,147.00,147.00,Plated,
378,TO_LLB_PAD10_1,Circle Drill,45.00,,,0.00,0.00,Circle,A,45.00,45.00,Plated,
379,TO_LLB_PAD11_1,Circle Drill,31.00,,,0.00,0.00,Circle,A,31.00,31.00,Plated,
380,TO_LLB_PAD12_1,Circle Drill,31.00,,,0.00,0.00,Circle,A,31.00,31.00,Plated,
381,TO_LLB_PAD13_1,Circle Drill,31.00,,,0.00,0.00,Circle,A,31.00,31.00,Plated,
382,TO_LLB_PAD14_1,Circle Drill,31.00,,,0.00,0.00,Circle,A,31.00,31.00,Plated,
383,TO_LLB_PAD15_1,Circle Drill,31.00,,,0.00,0.00,Circle,A,31.00,31.00,Plated,
384,TO_LLB_PAD16_1,Circle Drill,31.00,,,0.00,0.00,Circle,A,31.00,31.00,Plated,
385,TO_LLB_PAD17_1,Circle Drill,31.00,,,0.00,0.00,Circle,A,31.00,31.00,Plated,
386,TO_LLB_PAD18_1,Circle Drill,31.00,,,0.00,0.00,Circle,A,31.00,31.00,Plated,
387,TO_LLB_PAD19_1,Circle Drill,31.00,,,0.00,0.00,Circle,A,31.00,31.00,Plated,
388,TO_LLB_PAD1_1,Circle Drill,54.00,,,0.00,0.00,Circle,A,54.00,54.00,Plated,
389,TO_LLB_PAD20_1,Circle Drill,31.00,,,0.00,0.00,Circle,A,31.00,31.00,Plated,
390,TO_LLB_PAD21_1,Circle Drill,31.00,,,0.00,0.00,Circle,A,31.00,31.00,Plated,
391,TO_LLB_PAD22_1,Circle Drill,31.00,,,0.00,0.00,Circle,A,31.00,31.00,Plated,
392,TO_LLB_PAD23_1,Circle Drill,31.00,,,0.00,0.00,Circle,A,31.00,31.00,Plated,
393,TO_LLB_PAD24_1,Circle Drill,31.00,,,0.00,0.00,Circle,A,31.00,31.00,Plated,
394,TO_LLB_PAD25_1,Circle Drill,31.00,,,0.00,0.00,Circle,A,31.00,31.00,Plated,
395,TO_LLB_PAD26,Circle Drill,31.00,,,0.00,0.00,Circle,A,31.00,31.00,Plated,
396,TO_LLB_PAD27_1,Circle Drill,31.00,,,0.00,0.00,Circle,A,31.00,31.00,Plated,
397,TO_LLB_PAD28_1,Circle Drill,31.00,,,0.00,0.00,Circle,A,31.00,31.00,Plated,
398,TO_LLB_PAD29_1,Circle Drill,31.00,,,0.00,0.00,Circle,A,31.00,31.00,Plated,
399,TO_LLB_PAD2_1,Circle Drill,54.00,,,0.00,0.00,Circle,A,54.00,54.00,Plated,
400,TO_LLB_PAD30_1,Circle Drill,31.00,,,0.00,0.00,Circle,A,31.00,31.00,Plated,
401,TO_LLB_PAD31_1,Circle Drill,31.00,,,0.00,0.00,Circle,A,31.00,31.00,Plated,
402,TO_LLB_PAD32_1,Circle Drill,31.00,,,0.00,0.00,Circle,A,31.00,31.00,Plated,
403,TO_LLB_PAD33_1,Circle Drill,31.00,,,0.00,0.00,Circle,A,31.00,31.00,Plated,
404,TO_LLB_PAD34_1,Circle Drill,31.00,,,0.00,0.00,Circle,A,31.00,31.00,Plated,
405,TO_LLB_PAD35_1,Circle Drill,31.00,,,0.00,0.00,Circle,A,31.00,31.00,Plated,
406,TO_LLB_PAD36_1,Circle Drill,31.00,,,0.00,0.00,Circle,A,31.00,31.00,Plated,
407,TO_LLB_PAD37_1,Circle Drill,31.00,,,0.00,0.00,Circle,A,31.00,31.00,Plated,
408,TO_LLB_PAD38_1,Circle Drill,31.00,,,0.00,0.00,Circle,A,31.00,31.00,Plated,
409,TO_LLB_PAD39_1,Circle Drill,31.00,,,0.00,0.00,Circle,A,31.00,31.00,Plated,
410,TO_LLB_PAD3_1,Circle Drill,31.00,,,0.00,0.00,Circle,A,31.00,31.00,Plated,
411,TO_LLB_PAD4,Circle Drill,31.00,,,0.00,0.00,Circle,A,31.00,31.00,Plated,
412,TO_LLB_PAD40_1,Circle Drill,31.00,,,0.00,0.00,Circle,A,31.00,31.00,Plated,
413,TO_LLB_PAD41_1,Circle Drill,31.00,,,0.00,0.00,Circle,A,31.00,31.00,Plated,
414,TO_LLB_PAD42_1,Circle Drill,31.00,,,0.00,0.00,Circle,A,31.00,31.00,Plated,
415,TO_LLB_PAD43_1,Circle Drill,31.00,,,0.00,0.00,Circle,A,31.00,31.00,Plated,
416,TO_LLB_PAD44,Circle Drill,31.00,,,0.00,0.00,Circle,A,31.00,31.00,Plated,
417,TO_LLB_PAD45_1,Circle Drill,31.00,,,0.00,0.00,Circle,A,31.00,31.00,Plated,
418,TO_LLB_PAD46_1,Circle Drill,31.00,,,0.00,0.00,Circle,A,31.00,31.00,Plated,
419,TO_LLB_PAD47_1,Circle Drill,31.00,,,0.00,0.00,Circle,A,31.00,31.00,Plated,
420,TO_LLB_PAD48,Circle Drill,54.00,,,0.00,0.00,Circle,A,54.00,54.00,Plated,
421,TO_LLB_PAD49,Circle Drill,54.00,,,0.00,0.00,Circle,A,54.00,54.00,Plated,
422,TO_LLB_PAD4_1,Circle Drill,31.00,,,0.00,0.00,Circle,A,31.00,31.00,Plated,
423,TO_LLB_PAD5,Circle Drill,31.00,,,0.00,0.00,Circle,A,31.00,31.00,Plated,
424,TO_LLB_PAD50_1,Circle Drill,50.00,,,0.00,0.00,Circle,A,50.00,50.00,Plated,
425,TO_LLB_PAD51_1,Circle Drill,50.00,,,0.00,0.00,Circle,A,50.00,50.00,Plated,
426,TO_LLB_PAD52_1,Circle Drill,67.00,,,0.00,0.00,Circle,A,67.00,67.00,Plated,
427,TO_LLB_PAD53_1,Circle Drill,67.00,,,0.00,0.00,Circle,A,67.00,67.00,Plated,
428,TO_LLB_PAD54,Circle Drill,45.00,,,0.00,0.00,Circle,A,45.00,45.00,Plated,
429,TO_LLB_PAD55,Circle Drill,45.00,,,0.00,0.00,Circle,A,45.00,45.00,Plated,
430,TO_LLB_PAD56_1,Circle Drill,71.00,,,0.00,0.00,Circle,A,71.00,71.00,Plated,
431,TO_LLB_PAD57_1,Circle Drill,71.00,,,0.00,0.00,Circle,A,71.00,71.00,Plated,
432,TO_LLB_PAD58,Circle Drill,79.00,,,0.00,0.00,Circle,A,79.00,79.00,Plated,
433,TO_LLB_PAD59,Circle Drill,79.00,,,0.00,0.00,Circle,A,79.00,79.00,Plated,
434,TO_LLB_PAD5_1,Circle Drill,31.00,,,0.00,0.00,Circle,A,31.00,31.00,Plated,
435,TO_LLB_PAD6,Circle Drill,31.00,,,0.00,0.00,Circle,A,31.00,31.00,Plated,
436,TO_LLB_PAD60,Circle Drill,67.00,,,0.00,0.00,Circle,A,67.00,67.00,Plated,
437,TO_LLB_PAD61,Circle Drill,67.00,,,0.00,0.00,Circle,A,67.00,67.00,Plated,
438,TO_LLB_PAD62_1,Circle Drill,67.00,,,0.00,0.00,Circle,A,67.00,67.00,Plated,
439,TO_LLB_PAD63_1,Circle Drill,67.00,,,0.00,0.00,Circle,A,67.00,67.00,Plated,
440,TO_LLB_PAD64,Circle Drill,50.00,,,0.00,0.00,Circle,A,50.00,50.00,Plated,
441,TO_LLB_PAD65,Circle Drill,50.00,,,0.00,0.00,Circle,A,50.00,50.00,Plated,
442,TO_LLB_PAD66_1,Circle Drill,54.00,,,0.00,0.00,Circle,A,54.00,54.00,Plated,
443,TO_LLB_PAD67_1,Circle Drill,54.00,,,0.00,0.00,Circle,A,54.00,54.00,Plated,
444,TO_LLB_PAD68,Circle Drill,71.00,,,0.00,0.00,Circle,A,71.00,71.00,Plated,
445,TO_LLB_PAD69,Circle Drill,71.00,,,0.00,0.00,Circle,A,71.00,71.00,Plated,
446,TO_LLB_PAD7,Circle Drill,31.00,,,0.00,0.00,Circle,A,31.00,31.00,Plated,
447,TO_LLB_PAD70,Circle Drill,37.00,,,0.00,0.00,Circle,A,37.00,37.00,Plated,
448,TO_LLB_PAD71,Circle Drill,37.00,,,0.00,0.00,Circle,A,37.00,37.00,Plated,
449,TO_LLB_PAD72_1,Circle Drill,37.00,,,0.00,0.00,Circle,A,37.00,37.00,Plated,
450,TO_LLB_PAD73_1,Circle Drill,37.00,,,0.00,0.00,Circle,A,37.00,37.00,Plated,
451,TO_LLB_PAD74_1,Circle Drill,37.00,,,0.00,0.00,Circle,A,37.00,37.00,Plated,
452,TO_LLB_PAD75,Circle Drill,31.00,,,0.00,0.00,Circle,A,31.00,31.00,Plated,
453,TO_LLB_PAD76,Circle Drill,31.00,,,0.00,0.00,Circle,A,31.00,31.00,Plated,
454,TO_LLB_PAD77,Circle Drill,75.00,,,0.00,0.00,Circle,A,75.00,75.00,Plated,
455,TO_LLB_PAD78,Circle Drill,75.00,,,0.00,0.00,Circle,A,75.00,75.00,Plated,
456,TO_LLB_PAD7_1,Circle Drill,31.00,,,0.00,0.00,Circle,A,31.00,31.00,Plated,
457,TO_LLB_PAD8_1,Circle Drill,31.00,,,0.00,0.00,Circle,A,31.00,31.00,Plated,
458,TO_LLB_PAD93_1,Circle Drill,54.00,,,0.00,0.00,Circle,A,54.00,54.00,Plated,
459,TO_LLB_PAD94_1,Circle Drill,54.00,,,0.00,0.00,Circle,A,54.00,54.00,Plated,
460,TO_LLB_PAD95_1,Circle Drill,54.00,,,0.00,0.00,Circle,A,54.00,54.00,Plated,
461,TO_LLB_PAD96_1,Circle Drill,54.00,,,0.00,0.00,Circle,A,54.00,54.00,Plated,
462,TO_LLB_PAD97_1,Circle Drill,54.00,,,0.00,0.00,Circle,A,54.00,54.00,Plated,
463,TO_LLB_PAD98_1,Circle Drill,54.00,,,0.00,0.00,Circle,A,54.00,54.00,Plated,
464,TO_LLB_PAD99_1,Circle Drill,54.00,,,0.00,0.00,Circle,A,54.00,54.00,Plated,
465,TO_LLB_PAD9_1,Circle Drill,45.00,,,0.00,0.00,Circle,A,45.00,45.00,Plated,
466,T_L60_100SL_200_M200_100,Oval Slot,55.12,23.62,,0.00,0.00,Oblong X,,55.12,23.62,Plated,
467,T_L60_105SL_210_M210_105,Oval Slot,66.93,23.62,,0.00,0.00,Oblong X,,66.93,23.62,Plated,
468,T_L60_80SL_160_M160_80,Oval Slot,47.24,23.62,,0.00,0.00,Oblong X,,47.24,23.62,Plated,
469,T_N89_124_M124,Circle Drill,35.04,,,0.00,0.00,Cross,,39.37,39.37,Plated,
470,T_Q89_124_M124,Circle Drill,35.04,,,0.00,0.00,Cross,,39.37,39.37,Plated,
471,VIA,Circle Drill,13.00,,,0.00,0.00,Circle,+,50.00,50.00,Plated,
472,VIA_FC,Circle Drill,3.94,,,0.00,0.00,Circle,+,8.66,8.66,Plated,
473,VIA_FCD,Circle Drill,3.94,,,0.00,0.00,Circle,+,8.66,8.66,Plated,
474,VIA_FCU,Circle Drill,3.94,,,0.00,0.00,Circle,+,8.66,8.66,Plated,
475,VIA_WBD,Circle Drill,3.94,,,0.00,0.00,Circle,+,8.66,8.66,Plated,
476,VIA_WBU,Circle Drill,3.94,,,0.00,0.00,Circle,+,8.66,8.66,Plated,
477,VRES_LLB_PAD11,Circle Drill,31.00,,,0.00,0.00,Circle,A,31.00,31.00,Plated,
478,VRES_LLB_PAD11_1,Circle Drill,31.00,,,0.00,0.00,Circle,A,31.00,31.00,Plated,
479,VRES_LLB_PAD12,Circle Drill,31.00,,,0.00,0.00,Circle,A,31.00,31.00,Plated,
480,VRES_LLB_PAD12_1,Circle Drill,31.00,,,0.00,0.00,Circle,A,31.00,31.00,Plated,
481,VRES_LLB_PAD13_1,Circle Drill,31.00,,,0.00,0.00,Circle,A,31.00,31.00,Plated,
482,VRES_LLB_PAD14_1,Circle Drill,37.00,,,0.00,0.00,Circle,A,37.00,37.00,Plated,
483,VRES_LLB_PAD15_1,Circle Drill,37.00,,,0.00,0.00,Circle,A,37.00,37.00,Plated,
484,VRES_LLB_PAD16,Circle Drill,37.00,,,0.00,0.00,Circle,A,37.00,37.00,Plated,
485,VRES_LLB_PAD16_1,Circle Drill,37.00,,,0.00,0.00,Circle,A,37.00,37.00,Plated,
486,VRES_LLB_PAD17_1,Circle Drill,28.00,,,0.00,0.00,Circle,A,28.00,28.00,Plated,
487,VRES_LLB_PAD18,Circle Drill,28.00,,,0.00,0.00,Circle,A,28.00,28.00,Plated,
488,VRES_LLB_PAD19_1,Circle Drill,28.00,,,0.00,0.00,Circle,A,28.00,28.00,Plated,
489,VRES_LLB_PAD20,Circle Drill,37.00,,,0.00,0.00,Circle,A,37.00,37.00,Plated,
490,VRES_LLB_PAD20_1,Circle Drill,37.00,,,0.00,0.00,Circle,A,37.00,37.00,Plated,
491,VRES_LLB_PAD21_1,Circle Drill,37.00,,,0.00,0.00,Circle,A,37.00,37.00,Plated,
492,VRES_LLB_PAD22_1,Circle Drill,37.00,,,0.00,0.00,Circle,A,37.00,37.00,Plated,
493,VRES_LLB_PAD23_1,Circle Drill,31.00,,,0.00,0.00,Circle,A,31.00,31.00,Plated,
494,VRES_LLB_PAD24_1,Circle Drill,28.00,,,0.00,0.00,Circle,A,28.00,28.00,Plated,
495,VRES_LLB_PAD25_1,Circle Drill,28.00,,,0.00,0.00,Circle,A,28.00,28.00,Plated,
496,VRES_LLB_PAD26_1,Circle Drill,28.00,,,0.00,0.00,Circle,A,28.00,28.00,Plated,
497,VRES_LLB_PAD27_1,Circle Drill,28.00,,,0.00,0.00,Circle,A,28.00,28.00,Plated,
498,VRES_LLB_PAD28_1,Circle Drill,28.00,,,0.00,0.00,Circle,A,28.00,28.00,Plated,
499,VRES_LLB_PAD29_1,Circle Drill,31.00,,,0.00,0.00,Circle,A,31.00,31.00,Plated,
500,VRES_LLB_PAD30_1,Circle Drill,31.00,,,0.00,0.00,Circle,A,31.00,31.00,Plated,
501,VRES_LLB_PAD31,Circle Drill,31.00,,,0.00,0.00,Circle,A,31.00,31.00,Plated,
502,VRES_LLB_PAD32,Circle Drill,31.00,,,0.00,0.00,Circle,A,31.00,31.00,Plated,
503,VRES_LLB_PAD33_1,Circle Drill,31.00,,,0.00,0.00,Circle,A,31.00,31.00,Plated,
504,VRES_LLB_PAD36,Circle Drill,39.00,,,0.00,0.00,Circle,A,39.00,39.00,Plated,
505,VRES_LLB_PAD37,Circle Drill,39.00,,,0.00,0.00,Circle,A,39.00,39.00,Plated,
506,VRES_LLB_PAD38,Circle Drill,54.00,,,0.00,0.00,Circle,A,54.00,54.00,Plated,
507,VRES_LLB_PAD39,Circle Drill,54.00,,,0.00,0.00,Circle,A,54.00,54.00,Plated,
508,WCON100T_LLB_PAD1,Circle Drill,42.00,,,0.00,0.00,Circle,A,42.00,42.00,Plated,
509,WCON100T_LLB_PAD2,Circle Drill,42.00,,,0.00,0.00,Circle,A,42.00,42.00,Plated,
510,WCON100T_LLB_PAD3,Circle Drill,37.00,,,0.00,0.00,Circle,A,37.00,37.00,Plated,
511,WCON100T_LLB_PAD4,Circle Drill,37.00,,,0.00,0.00,Circle,A,37.00,37.00,Plated,
512,XT_LLB_PAD1,Circle Drill,40.00,,,0.00,0.00,Circle,A,40.00,40.00,Plated,
513,XT_LLB_PAD2,Circle Drill,40.00,,,0.00,0.00,Circle,A,40.00,40.00,Plated,
514,ZIGZAG_LLB_PAD1,Circle Drill,34.00,,,0.00,0.00,Circle,A,34.00,34.00,Plated,
515,ZIGZAG_LLB_PAD1_1,Circle Drill,34.00,,,0.00,0.00,Circle,A,34.00,34.00,Plated,
516,ZIGZAG_LLB_PAD2,Circle Drill,34.00,,,0.00,0.00,Circle,A,34.00,34.00,Plated,
517,ZIGZAG_LLB_PAD2_1,Circle Drill,34.00,,,0.00,0.00,Circle,A,34.00,34.00,Plated,
518,ZIGZAG_LLB_PAD3_1,Circle Drill,34.00,,,0.00,0.00,Circle,A,34.00,34.00,Plated,
519,ZIGZAG_LLB_PAD4,Circle Drill,34.00,,,0.00,0.00,Circle,A,34.00,34.00,Plated,
520,ZIGZAG_LLB_PAD5,Circle Drill,34.00,,,0.00,0.00,Circle,A,34.00,34.00,Plated,
521,via26,Circle Drill,12.00,,,0.00,0.00,,,40.00,40.00,Plated,
