(---------------------------------------------------------------------)
(                                                                     )
(    Allegro Netrev Import Logic                                      )
(                                                                     )
(    Drawing          : fpga_ccd_3.brd                                )
(    Software Version : 17.4S017                                      )
(    Date/Time        : Tue Jun 22 11:57:54 2021                      )
(                                                                     )
(---------------------------------------------------------------------)


------ Directives ------------

Ripup etch:                  No
Ripup delete first segment:  No
Ripup retain bondwire:       No
Ripup symbols:               Always
Missing symbol has error:    No
DRC update:                  Yes
Schematic directory:         'F:/PCB/cadence_pcb/FPGA_CCD/NetList'
Design Directory:            'F:/PCB/Cadence_PCB/FPGA_CCD/allegro'
Old design name:             'F:/PCB/Cadence_PCB/FPGA_CCD/allegro/fpga_ccd_3.brd'
New design name:             'F:/PCB/Cadence_PCB/FPGA_CCD/allegro/fpga_ccd_3.brd'

CmdLine: netrev -$ -i F:/PCB/cadence_pcb/FPGA_CCD/NetList -y 1 -h -q netrev_constraint_report.xml F:/PCB/Cadence_PCB/FPGA_CCD/allegro/#Taaaaae18788.tmp

------ Preparing to read pst files ------

Starting to read F:/PCB/cadence_pcb/FPGA_CCD/NetList/pstchip.dat 
   Finished reading F:/PCB/cadence_pcb/FPGA_CCD/NetList/pstchip.dat (00:00:00.27)
Starting to read F:/PCB/cadence_pcb/FPGA_CCD/NetList/pstxprt.dat 
   Finished reading F:/PCB/cadence_pcb/FPGA_CCD/NetList/pstxprt.dat (00:00:00.00)
Starting to read F:/PCB/cadence_pcb/FPGA_CCD/NetList/pstxnet.dat 
   Finished reading F:/PCB/cadence_pcb/FPGA_CCD/NetList/pstxnet.dat (00:00:00.00)

------ Oversights/Warnings/Errors ------




===========================================================
Start Constraint Diff3 Import
	Constraint File:    F:/PCB/cadence_pcb/FPGA_CCD/NetList/pstcmdb.dat
	Allegro Baseline:   F:/PCB/Cadence_PCB/FPGA_CCD/Garber/#Taaaaaf08036.tmp
	Start time: Tue Jun 22 11:57:54 2021
===========================================================


The constraint difference report file can be viewed using the following command:
cdnFlowOOSMsg.exe -file file:///F:/PCB/Cadence_PCB/FPGA_CCD/allegro/netrev_constraint_report.xml

===========================================================
Finished Constraint Update	Time: Tue Jun 22 11:57:54 2021
===========================================================

------ Library Paths ------
MODULEPATH =  . 
           D:/OrCAD/Cadence/Cadence_SPB_17.4-2019/share/local/pcb/modules 

PSMPATH =  . 
           symbols 
           .. 
           ../symbols 
           D:/OrCAD/Cadence/Cadence_SPB_17.4-2019/share/local/pcb/symbols 
           D:/OrCAD/Cadence/Cadence_SPB_17.4-2019/share/pcb/pcb_lib/symbols 
           D:/OrCAD/Cadence/Cadence_SPB_17.4-2019/share/pcb/allegrolib/symbols 
           D:/OrCAD/Cadence/Cadence_SPB_17.4-2019/share/local/pcb/symbols 
           F:/PCB/lib/Cadence_lib/Download 

PADPATH =  . 
           symbols 
           .. 
           ../symbols 
           D:/OrCAD/Cadence/Cadence_SPB_17.4-2019/share/local/pcb/padstacks 
           D:/OrCAD/Cadence/Cadence_SPB_17.4-2019/share/pcb/pcb_lib/symbols 
           D:/OrCAD/Cadence/Cadence_SPB_17.4-2019/share/pcb/allegrolib/symbols 
           D:/OrCAD/Cadence/Cadence_SPB_17.4-2019/share/local/pcb/padstacks 
           F:/PCB/lib/Cadence_lib/Download 


------ Summary Statistics ------


netrev run on Jun 22 11:57:54 2021
   DESIGN NAME : 'FPGA_CCD'
   PACKAGING ON Apr 19 2021 16:22:31

   COMPILE 'logic'
   CHECK_PIN_NAMES OFF
   CROSS_REFERENCE OFF
   FEEDBACK OFF
   INCREMENTAL OFF
   INTERFACE_TYPE PHYSICAL
   MAX_ERRORS 500
   MERGE_MINIMUM 5
   NET_NAME_CHARS '#%&()*+-./:=>?@[]^_`|'
   NET_NAME_LENGTH 24
   OVERSIGHTS ON
   REPLACE_CHECK OFF
   SINGLE_NODE_NETS ON
   SPLIT_MINIMUM 0
   SUPPRESS   20
   WARNINGS ON

 No error detected
 No oversight detected
 No warning detected

cpu time      0:01:38
elapsed time  0:00:00

