(---------------------------------------------------------------------)
(                                                                     )
(    ARTWORK LOG                                                      )
(                                                                     )
(    Drawing          : fpga_ccd_3_with_logo.brd                      )
(    Software Version : 17.4S017                                      )
(    Date/Time        : Thu Jul  1 17:25:21 2021                      )
(                                                                     )
(---------------------------------------------------------------------)


 ---- Photoplot outline rectangle not found; using drawing extents.




 Can't open parameter file ... using default values:
     DEVICE-TYPE        GERBER6X00
     G-CODES            NO
     STATIONS-PER-WHEEL 24
     FILM-SIZE          24000 16000
     COORDINATES        ABSOLUTE
     OUTPUT-UNITS       INCHES
     FORMAT             5.3
     ABORT-ON-ERROR     abort film & continue
     SUPPRESS-LEAD-ZEROES     YES
     SUPPRESS-TRAIL-ZEROES    NO
     OPTIMIZE           YES
     SUPPRESS-EQUAL     YES
     SCALE              1.0





================================================================
     PROCESSING FILM < TOP >
     TO FILE < F:/PCB/Cadence_PCB/FPGA_CCD/allegro/Garber/TOP.art > ...
================================================================

  FILM PARAMETERS :
  ---------------------------------------------------------
  Undefined line width                6.00 MIL
  Mirror code                         NONE
  Rotate angle                        NONE
  Offset x:                           0.00
  Offset y:                           0.00
  Plot negative                       NO
  Suppress unconnected internal pads  NO
  Draw holes only                     NO

    WARNING: more than one pin class in film record
    WARNING: Null REGULAR-PAD specified for padstack S_R30_100 at (4735.00 7857.29).
    WARNING: Null REGULAR-PAD specified for padstack S_R30_100 at (4715.31 7857.29).
    WARNING: Null REGULAR-PAD specified for padstack S_R30_100 at (4695.63 7857.29).
    WARNING: Null REGULAR-PAD specified for padstack S_R30_100 at (4715.31 8018.71).
    WARNING: Null REGULAR-PAD specified for padstack S_R30_100 at (4735.00 8018.71).
    WARNING: Null REGULAR-PAD specified for padstack S_R30_100 at (4695.63 8018.71).
    WARNING: Null REGULAR-PAD specified for padstack S_R30_100 at (4774.37 7857.29).
    WARNING: Null REGULAR-PAD specified for padstack S_R30_100 at (4754.69 7857.29).
    WARNING: Null REGULAR-PAD specified for padstack S_R30_100 at (4754.69 8018.71).
    WARNING: Null REGULAR-PAD specified for padstack S_R30_100 at (4774.37 8018.71).


  APERTURES USED (UNIT = IN):
  ---------------------------------------------------------
  TYPE       SIZE/NAME                   ROT   MIRROR MODE 
  ---------------------------------------------------------
  CIRCLE     0.00500                                  DARK 
  CIRCLE     0.00600                                  DARK 
  CIRCLE     0.01000                                  DARK 
  CIRCLE     0.01500                                  DARK 
  CIRCLE     0.02000                                  DARK 
  CIRCLE     0.02400                                  DARK 
  CIRCLE     0.02500                                  DARK 
  CIRCLE     0.04000                                  DARK 
  CIRCLE     0.04803                                  DARK 
  CIRCLE     0.05394                                  DARK 
  CIRCLE     0.06299                                  DARK 
  CIRCLE     0.06890                                  DARK 
  CIRCLE     0.07677                                  DARK 
  CIRCLE     0.08268                                  DARK 
  SQUARE     0.04803                     0.000 NO     DARK 
  SQUARE     0.05394                     0.000 NO     DARK 
  RECTANGLE  0.01100     x 0.05350       0.000 NO     DARK 
  RECTANGLE  0.01100     x 0.05350      90.000 NO     DARK 
  RECTANGLE  0.01181     x 0.03937       0.000 NO     DARK 
  RECTANGLE  0.01181     x 0.05118       0.000 NO     DARK 
  RECTANGLE  0.02000     x 0.01700      90.000 NO     DARK 
  RECTANGLE  0.02126     x 0.03701       0.000 NO     DARK 
  RECTANGLE  0.02126     x 0.03701      45.000 NO     DARK 
  RECTANGLE  0.02126     x 0.03701      90.000 NO     DARK 
  RECTANGLE  0.02362     x 0.05118       0.000 NO     DARK 
  RECTANGLE  0.02500     x 0.02200      90.000 NO     DARK 
  RECTANGLE  0.03950     x 0.01400       0.000 NO     DARK 
  RECTANGLE  0.05000     x 0.02500       0.000 NO     DARK 
  RECTANGLE  0.05500     x 0.03000       0.000 NO     DARK 
  RECTANGLE  0.06299     x 0.07087      90.000 NO     DARK 
  OBLONG     0.06299     x 0.03150      90.000 NO     DARK 
  OBLONG     0.08268     x 0.04134      90.000 NO     DARK 
  PAD SHAPE  PS_R170_48_D250            90.000 NO     DARK 

     TOP created with warnings


================================================================
     PROCESSING FILM < GND >
     TO FILE < F:/PCB/Cadence_PCB/FPGA_CCD/allegro/Garber/GND.art > ...
================================================================

  FILM PARAMETERS :
  ---------------------------------------------------------
  Undefined line width                6.00 MIL
  Mirror code                         NONE
  Rotate angle                        NONE
  Offset x:                           0.00
  Offset y:                           0.00
  Plot negative                       NO
  Suppress unconnected internal pads  NO
  Draw holes only                     NO



  APERTURES USED (UNIT = IN):
  ---------------------------------------------------------
  TYPE       SIZE/NAME                   ROT   MIRROR MODE 
  ---------------------------------------------------------
  CIRCLE     0.00500                                  DARK 
  CIRCLE     0.00600                                  DARK 
  CIRCLE     0.02400                                  DARK 
  CIRCLE     0.04803                                  DARK 
  CIRCLE     0.06299                                  DARK 
  CIRCLE     0.07677                                  DARK 
  OBLONG     0.06299     x 0.03150      90.000 NO     DARK 
  OBLONG     0.08268     x 0.04134      90.000 NO     DARK 

     GND created with warnings


================================================================
     PROCESSING FILM < POWER >
     TO FILE < F:/PCB/Cadence_PCB/FPGA_CCD/allegro/Garber/POWER.art > ...
================================================================

  FILM PARAMETERS :
  ---------------------------------------------------------
  Undefined line width                6.00 MIL
  Mirror code                         NONE
  Rotate angle                        NONE
  Offset x:                           0.00
  Offset y:                           0.00
  Plot negative                       NO
  Suppress unconnected internal pads  NO
  Draw holes only                     NO



  APERTURES USED (UNIT = IN):
  ---------------------------------------------------------
  TYPE       SIZE/NAME                   ROT   MIRROR MODE 
  ---------------------------------------------------------
  CIRCLE     0.00500                                  DARK 
  CIRCLE     0.00600                                  DARK 
  CIRCLE     0.02400                                  DARK 
  CIRCLE     0.04803                                  DARK 
  CIRCLE     0.06299                                  DARK 
  CIRCLE     0.07677                                  DARK 
  OBLONG     0.06299     x 0.03150      90.000 NO     DARK 
  OBLONG     0.08268     x 0.04134      90.000 NO     DARK 

     POWER created with warnings


================================================================
     PROCESSING FILM < BOTTOM >
     TO FILE < F:/PCB/Cadence_PCB/FPGA_CCD/allegro/Garber/BOTTOM.art > ...
================================================================

  FILM PARAMETERS :
  ---------------------------------------------------------
  Undefined line width                6.00 MIL
  Mirror code                         NONE
  Rotate angle                        NONE
  Offset x:                           0.00
  Offset y:                           0.00
  Plot negative                       NO
  Suppress unconnected internal pads  NO
  Draw holes only                     NO

    WARNING: more than one pin class in film record


  APERTURES USED (UNIT = IN):
  ---------------------------------------------------------
  TYPE       SIZE/NAME                   ROT   MIRROR MODE 
  ---------------------------------------------------------
  CIRCLE     0.00500                                  DARK 
  CIRCLE     0.00600                                  DARK 
  CIRCLE     0.01000                                  DARK 
  CIRCLE     0.02000                                  DARK 
  CIRCLE     0.02400                                  DARK 
  CIRCLE     0.03000                                  DARK 
  CIRCLE     0.04000                                  DARK 
  CIRCLE     0.04803                                  DARK 
  CIRCLE     0.05394                                  DARK 
  CIRCLE     0.06299                                  DARK 
  CIRCLE     0.06890                                  DARK 
  CIRCLE     0.07677                                  DARK 
  CIRCLE     0.08268                                  DARK 
  SQUARE     0.04803                     0.000 NO     DARK 
  SQUARE     0.05394                     0.000 NO     DARK 
  RECTANGLE  0.02126     x 0.03701       0.000 NO     DARK 
  RECTANGLE  0.02126     x 0.03701      90.000 NO     DARK 
  RECTANGLE  0.02126     x 0.03701     135.000 NO     DARK 
  RECTANGLE  0.03500     x 0.05800       0.000 NO     DARK 
  RECTANGLE  0.03500     x 0.05800      90.000 NO     DARK 
  RECTANGLE  0.04134     x 0.05709      90.000 NO     DARK 
  RECTANGLE  0.12600     x 0.05800       0.000 NO     DARK 
  RECTANGLE  0.12600     x 0.05800      90.000 NO     DARK 
  OBLONG     0.06299     x 0.03150      90.000 NO     DARK 
  OBLONG     0.08268     x 0.04134      90.000 NO     DARK 

     BOTTOM created with warnings


================================================================
     PROCESSING FILM < SILKTOP >
     TO FILE < F:/PCB/Cadence_PCB/FPGA_CCD/allegro/Garber/SILKTOP.art > ...
================================================================

  FILM PARAMETERS :
  ---------------------------------------------------------
  Undefined line width                6.00 MIL
  Mirror code                         NONE
  Rotate angle                        NONE
  Offset x:                           0.00
  Offset y:                           0.00
  Plot negative                       NO
  Suppress unconnected internal pads  NO
  Draw holes only                     NO

    WARNING: text composed 0 width line found at (4528.25 9293.00) in MIL
           ... using undefined line width of 6.00 MIL

    WARNING: 0 width line found at (4681.85 7869.10) in MIL
           ... using undefined line width of 6.00 MIL

    WARNING: text having Multiple 0 width lines; all will be treated the same as the first.
           ... using undefined line width of 6.00 MIL

    WARNING: Multiple 0 width lines; all will be treated the same as the first.
           ... using undefined line width of 6.00 MIL



  APERTURES USED (UNIT = IN):
  ---------------------------------------------------------
  TYPE       SIZE/NAME                   ROT   MIRROR MODE 
  ---------------------------------------------------------
  CIRCLE     0.00394                                  DARK 
  CIRCLE     0.00500                                  DARK 
  CIRCLE     0.00600                                  DARK 
  CIRCLE     0.00787                                  DARK 
  CIRCLE     0.00800                                  DARK 

     SILKTOP created with warnings


================================================================
     PROCESSING FILM < SILKBOT >
     TO FILE < F:/PCB/Cadence_PCB/FPGA_CCD/allegro/Garber/SILKBOT.art > ...
================================================================

  FILM PARAMETERS :
  ---------------------------------------------------------
  Undefined line width                6.00 MIL
  Mirror code                         NONE
  Rotate angle                        NONE
  Offset x:                           0.00
  Offset y:                           0.00
  Plot negative                       NO
  Suppress unconnected internal pads  NO
  Draw holes only                     NO



  APERTURES USED (UNIT = IN):
  ---------------------------------------------------------
  TYPE       SIZE/NAME                   ROT   MIRROR MODE 
  ---------------------------------------------------------
  CIRCLE     0.00600                                  DARK 
  CIRCLE     0.00787                                  DARK 

     SILKBOT created with warnings


================================================================
     PROCESSING FILM < SOLDTOP >
     TO FILE < F:/PCB/Cadence_PCB/FPGA_CCD/allegro/Garber/SOLDTOP.art > ...
================================================================

  FILM PARAMETERS :
  ---------------------------------------------------------
  Undefined line width                6.00 MIL
  Mirror code                         NONE
  Rotate angle                        NONE
  Offset x:                           0.00
  Offset y:                           0.00
  Plot negative                       NO
  Suppress unconnected internal pads  NO
  Draw holes only                     NO



  APERTURES USED (UNIT = IN):
  ---------------------------------------------------------
  TYPE       SIZE/NAME                   ROT   MIRROR MODE 
  ---------------------------------------------------------
  CIRCLE     0.00600                                  DARK 
  CIRCLE     0.05394                                  DARK 
  CIRCLE     0.06890                                  DARK 
  CIRCLE     0.08268                                  DARK 
  SQUARE     0.05394                     0.000 NO     DARK 
  RECTANGLE  0.01100     x 0.05350       0.000 NO     DARK 
  RECTANGLE  0.01100     x 0.05350      90.000 NO     DARK 
  RECTANGLE  0.01181     x 0.05118       0.000 NO     DARK 
  RECTANGLE  0.02126     x 0.03701       0.000 NO     DARK 
  RECTANGLE  0.02126     x 0.03701      45.000 NO     DARK 
  RECTANGLE  0.02126     x 0.03701      90.000 NO     DARK 
  RECTANGLE  0.02362     x 0.05118       0.000 NO     DARK 
  RECTANGLE  0.02500     x 0.02200      90.000 NO     DARK 
  RECTANGLE  0.03950     x 0.01400       0.000 NO     DARK 
  RECTANGLE  0.05500     x 0.03000       0.000 NO     DARK 
  RECTANGLE  0.06299     x 0.07087      90.000 NO     DARK 
  OBLONG     0.06299     x 0.03150      90.000 NO     DARK 
  OBLONG     0.08268     x 0.04134      90.000 NO     DARK 
  PAD SHAPE  PS_R170_48_D250            90.000 NO     DARK 

     SOLDTOP created with warnings


================================================================
     PROCESSING FILM < SOLDBOT >
     TO FILE < F:/PCB/Cadence_PCB/FPGA_CCD/allegro/Garber/SOLDBOT.art > ...
================================================================

  FILM PARAMETERS :
  ---------------------------------------------------------
  Undefined line width                6.00 MIL
  Mirror code                         NONE
  Rotate angle                        NONE
  Offset x:                           0.00
  Offset y:                           0.00
  Plot negative                       NO
  Suppress unconnected internal pads  NO
  Draw holes only                     NO



  APERTURES USED (UNIT = IN):
  ---------------------------------------------------------
  TYPE       SIZE/NAME                   ROT   MIRROR MODE 
  ---------------------------------------------------------
  CIRCLE     0.00600                                  DARK 
  CIRCLE     0.05394                                  DARK 
  CIRCLE     0.06890                                  DARK 
  CIRCLE     0.08268                                  DARK 
  SQUARE     0.05394                     0.000 NO     DARK 
  RECTANGLE  0.02126     x 0.03701       0.000 NO     DARK 
  RECTANGLE  0.02126     x 0.03701      90.000 NO     DARK 
  RECTANGLE  0.02126     x 0.03701     135.000 NO     DARK 
  RECTANGLE  0.03500     x 0.05800       0.000 NO     DARK 
  RECTANGLE  0.03500     x 0.05800      90.000 NO     DARK 
  RECTANGLE  0.04134     x 0.05709      90.000 NO     DARK 
  RECTANGLE  0.12600     x 0.05800       0.000 NO     DARK 
  RECTANGLE  0.12600     x 0.05800      90.000 NO     DARK 
  OBLONG     0.06299     x 0.03150      90.000 NO     DARK 
  OBLONG     0.08268     x 0.04134      90.000 NO     DARK 

     SOLDBOT created with warnings


================================================================
     PROCESSING FILM < PASTTOP >
     TO FILE < F:/PCB/Cadence_PCB/FPGA_CCD/allegro/Garber/PASTTOP.art > ...
================================================================

  FILM PARAMETERS :
  ---------------------------------------------------------
  Undefined line width                6.00 MIL
  Mirror code                         NONE
  Rotate angle                        NONE
  Offset x:                           0.00
  Offset y:                           0.00
  Plot negative                       NO
  Suppress unconnected internal pads  NO
  Draw holes only                     NO



  APERTURES USED (UNIT = IN):
  ---------------------------------------------------------
  TYPE       SIZE/NAME                   ROT   MIRROR MODE 
  ---------------------------------------------------------
  CIRCLE     0.00600                                  DARK 
  CIRCLE     0.06890                                  DARK 
  CIRCLE     0.08268                                  DARK 
  RECTANGLE  0.01100     x 0.05350       0.000 NO     DARK 
  RECTANGLE  0.01100     x 0.05350      90.000 NO     DARK 
  RECTANGLE  0.01181     x 0.05118       0.000 NO     DARK 
  RECTANGLE  0.02126     x 0.03701       0.000 NO     DARK 
  RECTANGLE  0.02126     x 0.03701      45.000 NO     DARK 
  RECTANGLE  0.02126     x 0.03701      90.000 NO     DARK 
  RECTANGLE  0.02362     x 0.05118       0.000 NO     DARK 
  RECTANGLE  0.03950     x 0.01400       0.000 NO     DARK 
  RECTANGLE  0.06299     x 0.07087      90.000 NO     DARK 
  PAD SHAPE  PS_R170_48_D250            90.000 NO     DARK 

     PASTTOP created with warnings


================================================================
     PROCESSING FILM < PASTBOT >
     TO FILE < F:/PCB/Cadence_PCB/FPGA_CCD/allegro/Garber/PASTBOT.art > ...
================================================================

  FILM PARAMETERS :
  ---------------------------------------------------------
  Undefined line width                6.00 MIL
  Mirror code                         NONE
  Rotate angle                        NONE
  Offset x:                           0.00
  Offset y:                           0.00
  Plot negative                       NO
  Suppress unconnected internal pads  NO
  Draw holes only                     NO



  APERTURES USED (UNIT = IN):
  ---------------------------------------------------------
  TYPE       SIZE/NAME                   ROT   MIRROR MODE 
  ---------------------------------------------------------
  CIRCLE     0.00600                                  DARK 
  CIRCLE     0.05394                                  DARK 
  SQUARE     0.05394                     0.000 NO     DARK 
  RECTANGLE  0.02126     x 0.03701       0.000 NO     DARK 
  RECTANGLE  0.02126     x 0.03701      90.000 NO     DARK 
  RECTANGLE  0.02126     x 0.03701     135.000 NO     DARK 
  RECTANGLE  0.03500     x 0.05800       0.000 NO     DARK 
  RECTANGLE  0.03500     x 0.05800      90.000 NO     DARK 
  RECTANGLE  0.04134     x 0.05709      90.000 NO     DARK 
  RECTANGLE  0.12600     x 0.05800       0.000 NO     DARK 
  RECTANGLE  0.12600     x 0.05800      90.000 NO     DARK 

     PASTBOT created with warnings


================================================================
     PROCESSING FILM < ADT >
     TO FILE < F:/PCB/Cadence_PCB/FPGA_CCD/allegro/Garber/ADT.art > ...
================================================================

  FILM PARAMETERS :
  ---------------------------------------------------------
  Undefined line width                6.00 MIL
  Mirror code                         NONE
  Rotate angle                        NONE
  Offset x:                           0.00
  Offset y:                           0.00
  Plot negative                       NO
  Suppress unconnected internal pads  NO
  Draw holes only                     NO



  APERTURES USED (UNIT = IN):
  ---------------------------------------------------------
  TYPE       SIZE/NAME                   ROT   MIRROR MODE 
  ---------------------------------------------------------
  CIRCLE     0.00394                                  DARK 
  CIRCLE     0.00500                                  DARK 
  CIRCLE     0.00600                                  DARK 
  CIRCLE     0.00787                                  DARK 
  CIRCLE     0.00800                                  DARK 
  CIRCLE     0.04803                                  DARK 
  CIRCLE     0.06299                                  DARK 
  CIRCLE     0.07677                                  DARK 
  SQUARE     0.04803                     0.000 NO     DARK 
  RECTANGLE  0.01100     x 0.05350       0.000 NO     DARK 
  RECTANGLE  0.01100     x 0.05350      90.000 NO     DARK 
  RECTANGLE  0.01181     x 0.03937       0.000 NO     DARK 
  RECTANGLE  0.01181     x 0.05118       0.000 NO     DARK 
  RECTANGLE  0.02000     x 0.01700      90.000 NO     DARK 
  RECTANGLE  0.02126     x 0.03701       0.000 NO     DARK 
  RECTANGLE  0.02126     x 0.03701      45.000 NO     DARK 
  RECTANGLE  0.02126     x 0.03701      90.000 NO     DARK 
  RECTANGLE  0.02362     x 0.05118       0.000 NO     DARK 
  RECTANGLE  0.03950     x 0.01400       0.000 NO     DARK 
  RECTANGLE  0.05000     x 0.02500       0.000 NO     DARK 
  RECTANGLE  0.06299     x 0.07087      90.000 NO     DARK 
  OBLONG     0.06299     x 0.03150      90.000 NO     DARK 
  OBLONG     0.08268     x 0.04134      90.000 NO     DARK 
  PAD SHAPE  PS_R170_48_D250            90.000 NO     DARK 

     ADT created with warnings


================================================================
     PROCESSING FILM < ADB >
     TO FILE < F:/PCB/Cadence_PCB/FPGA_CCD/allegro/Garber/ADB.art > ...
================================================================

  FILM PARAMETERS :
  ---------------------------------------------------------
  Undefined line width                6.00 MIL
  Mirror code                         NONE
  Rotate angle                        NONE
  Offset x:                           0.00
  Offset y:                           0.00
  Plot negative                       NO
  Suppress unconnected internal pads  NO
  Draw holes only                     NO



  APERTURES USED (UNIT = IN):
  ---------------------------------------------------------
  TYPE       SIZE/NAME                   ROT   MIRROR MODE 
  ---------------------------------------------------------
  CIRCLE     0.00600                                  DARK 
  CIRCLE     0.00787                                  DARK 
  CIRCLE     0.04803                                  DARK 
  CIRCLE     0.06299                                  DARK 
  CIRCLE     0.07677                                  DARK 
  SQUARE     0.04803                     0.000 NO     DARK 
  RECTANGLE  0.02126     x 0.03701       0.000 NO     DARK 
  RECTANGLE  0.02126     x 0.03701      90.000 NO     DARK 
  RECTANGLE  0.02126     x 0.03701     135.000 NO     DARK 
  RECTANGLE  0.03500     x 0.05800       0.000 NO     DARK 
  RECTANGLE  0.03500     x 0.05800      90.000 NO     DARK 
  RECTANGLE  0.04134     x 0.05709      90.000 NO     DARK 
  RECTANGLE  0.12600     x 0.05800       0.000 NO     DARK 
  RECTANGLE  0.12600     x 0.05800      90.000 NO     DARK 
  OBLONG     0.06299     x 0.03150      90.000 NO     DARK 
  OBLONG     0.08268     x 0.04134      90.000 NO     DARK 

     ADB created with warnings


================================================================
     PROCESSING FILM < DRILL >
     TO FILE < F:/PCB/Cadence_PCB/FPGA_CCD/allegro/Garber/DRILL.art > ...
================================================================

  FILM PARAMETERS :
  ---------------------------------------------------------
  Undefined line width                6.00 MIL
  Mirror code                         NONE
  Rotate angle                        NONE
  Offset x:                           0.00
  Offset y:                           0.00
  Plot negative                       NO
  Suppress unconnected internal pads  NO
  Draw holes only                     NO



  APERTURES USED (UNIT = IN):
  ---------------------------------------------------------
  TYPE       SIZE/NAME                   ROT   MIRROR MODE 
  ---------------------------------------------------------
  CIRCLE     0.00600                                  DARK 

     DRILL created with warnings


------------------------------------------------------
 SUMMARY:
        TOP created with warnings
        GND created with warnings
        POWER created with warnings
        BOTTOM created with warnings
        SILKTOP created with warnings
        SILKBOT created with warnings
        SOLDTOP created with warnings
        SOLDBOT created with warnings
        PASTTOP created with warnings
        PASTBOT created with warnings
        ADT created with warnings
        ADB created with warnings
        DRILL created with warnings

 ARTWORK had warnings
