(---------------------------------------------------------------------)
(                                                                     )
(    QUICKPLACE LOG                                                   )
(                                                                     )
(    Drawing          : fpga_ccd_2.brd                                )
(    Software Version : 17.4S017                                      )
(    Date/Time        : Wed Jun 16 20:14:20 2021                      )
(                                                                     )
(---------------------------------------------------------------------)


State: Placing on layer TOP



Placed 0 of 0 applicable (93 total) symbols.

-----------------------------------------------------------------------

State: Placing on layer TOP

         Placed symbol:  U1 / XC6SLX9-2TQG144C_TQG144_XIL_XC6SLX9-2TQG144C_A / TQG144_XIL at (7800.00 9300.00)
         Placed symbol:  U6 / HT82V38_SSOP-28_HT82V38 / SSOP-28 at (8444.53 9056.19)
         Placed symbol:  IC1 / TCD1304DG_8Z,AW__DIP1016W62P254L4160H372Q22N_TCD1304DG_8Z_AW_ / DIP1016W62P254L4160H372Q22N at (7413.00 11104.57)
         Placed symbol:  J2 / USB-C 16PIN_SHENZHEN-CHUANGQIN-TECHNOLO_CQ-USB-C16PSMT01 / SHENZHEN-CHUANGQIN-TECHNOLO at (8192.98 10066.97)
         Placed symbol:  J1 / CONN SOCKET 7X2_CONN_BULK_HEADER_2X7_2_2_CONN SOCKET 7X2 / CONN_BULK_HEADER_2X7_2_2 at (7392.21 11501.35)
         Placed symbol:  U5 / CH340E_MSOP-10_CH340E / MSOP-10 at (8024.22 11557.51)
         Placed symbol:  U4 / M25P16-VMN6TPBA_SOIC8_M25P16-VMN6TPBA / SOIC8 at (8275.08 11552.14)
         Placed symbol:  U7 / TC7WH14FU_SSOP-8_TC7WH14FU / SSOP-8 at (8528.08 11519.14)
         Placed symbol:  Y1 / OSCILLATOR 4P_SMD7050_50MHZ / SMD7050 at (7557.57 11826.39)
         Placed symbol:  U3 / AMS1117_SOT_AMS1117-2P5_AMS_AMS1117-3.3V / SOT_AMS1117-2P5_AMS at (7890.64 11838.38)
         Placed symbol:  U2 / AMS1117_SOT_AMS1117-2P5_AMS_AMS1117-1.2V / SOT_AMS1117-2P5_AMS at (8182.64 11838.38)
         Placed symbol:  Q1 / 2N6520_SOT23_2SA1015 / SOT23 at (8403.64 11730.88)
         Placed symbol:  C14 / CAP NP_0603_DISCRETE_100NF / 0603 at (8543.14 11697.54)
         Placed symbol:  C17 / CAP NP_0603_DISCRETE_100NF / 0603 at (8674.14 11697.54)
         Placed symbol:  C18 / CAP NP_0603_DISCRETE_100NF / 0603 at (8805.14 11697.54)
         Placed symbol:  C19 / CAP NP_0603_DISCRETE_100NF / 0603 at (7404.50 12040.54)
         Placed symbol:  C20 / CAP NP_0603_DISCRETE_100NF / 0603 at (7535.50 12040.54)
         Placed symbol:  C21 / CAP NP_0603_DISCRETE_100NF / 0603 at (7666.50 12040.54)
         Placed symbol:  C22 / CAP NP_0603_DISCRETE_100NF / 0603 at (7797.50 12040.54)
         Placed symbol:  C13 / CAP NP_0603_DISCRETE_100NF / 0603 at (7928.50 12040.54)
         Placed symbol:  C24 / CAP NP_0603_DISCRETE_100NF / 0603 at (8059.50 12040.54)
         Placed symbol:  C25 / CAP NP_0603_DISCRETE_100NF / 0603 at (8190.50 12040.54)
         Placed symbol:  C27 / CAP NP_0603_DISCRETE_100NF / 0603 at (8321.50 12040.54)
         Placed symbol:  C28 / CAP NP_0603_DISCRETE_100NF / 0603 at (8452.50 12040.54)
         Placed symbol:  C3 / CAP NP_0603_DISCRETE_100NF / 0603 at (8583.50 12040.54)
         Placed symbol:  C11 / CAP NP_0603_DISCRETE_100NF / 0603 at (8714.50 12040.54)
         Placed symbol:  C32 / CAP NP_0603_DISCRETE_100NF / 0603 at (8845.50 12040.54)
         Placed symbol:  C33 / CAP NP_0603_DISCRETE_100NF / 0603 at (7404.50 12155.20)
         Placed symbol:  C23 / CAP NP_0603_DISCRETE_100NF / 0603 at (7535.50 12155.20)
         Placed symbol:  C31 / CAP NP_0603_DISCRETE_100NF / 0603 at (7666.50 12155.20)
         Placed symbol:  C36 / CAP NP_0603_DISCRETE_100NF / 0603 at (7797.50 12155.20)
         Placed symbol:  C38 / CAP NP_0603_DISCRETE_100NF / 0603 at (7928.50 12155.20)
         Placed symbol:  C4 / CAP NP_0603_DISCRETE_100NF / 0603 at (8059.50 12155.20)
         Placed symbol:  C5 / CAP NP_0603_DISCRETE_100NF / 0603 at (8190.50 12155.20)
         Placed symbol:  C6 / CAP NP_0603_DISCRETE_100NF / 0603 at (8321.50 12155.20)
         Placed symbol:  C7 / CAP NP_0603_DISCRETE_100NF / 0603 at (8452.50 12155.20)
         Placed symbol:  C8 / CAP NP_0603_DISCRETE_100NF / 0603 at (8583.50 12155.20)
         Placed symbol:  C9 / CAP NP_0603_DISCRETE_100NF / 0603 at (8714.50 12155.20)
         Placed symbol:  D1 / LED_0603_LED / 0603 at (8845.50 12155.20)
         Placed symbol:  C37 / CAP NP_0603_DISCRETE_10UF / 0603 at (7404.50 12269.86)
         Placed symbol:  C30 / CAP NP_0603_DISCRETE_10UF / 0603 at (7535.50 12269.86)
         Placed symbol:  C29 / CAP NP_0603_DISCRETE_10UF / 0603 at (7666.50 12269.86)
         Placed symbol:  C34 / CAP NP_0603_DISCRETE_100NF / 0603 at (7797.50 12269.86)
         Placed symbol:  R1 / RESISTOR_0603_DISCRETE_4.7K / 0603 at (7928.50 12269.86)
         Placed symbol:  R2 / RESISTOR_0603_DISCRETE_4.7K / 0603 at (8059.50 12269.86)
         Placed symbol:  R3 / RESISTOR_0603_DISCRETE_4.7K / 0603 at (8190.50 12269.86)
         Placed symbol:  C26 / CAP NP_0603_DISCRETE_10UF / 0603 at (8321.50 12269.86)
         Placed symbol:  R9 / R_0603_DISCRETE_NC / 0603 at (8452.50 12269.86)
         Placed symbol:  C35 / CAP NP_0603_DISCRETE_100NF / 0603 at (8583.50 12269.86)
         Placed symbol:  R11 / R_0603_DISCRETE_33R / 0603 at (8714.50 12269.86)
         Placed symbol:  R10 / R_0603_DISCRETE_NC / 0603 at (8845.50 12269.86)
         Placed symbol:  R13 / R_0603_DISCRETE_33R / 0603 at (7404.50 12384.52)
         Placed symbol:  R14 / R_0603_DISCRETE_33R / 0603 at (7535.50 12384.52)
         Placed symbol:  R15 / R_0603_DISCRETE_33R / 0603 at (7666.50 12384.52)
         Placed symbol:  R16 / R_0603_DISCRETE_33R / 0603 at (7797.50 12384.52)
         Placed symbol:  R17 / R_0603_DISCRETE_33R / 0603 at (7928.50 12384.52)
         Placed symbol:  R18 / R_0603_DISCRETE_33R / 0603 at (8059.50 12384.52)
         Placed symbol:  R19 / R_0603_DISCRETE_33R / 0603 at (8190.50 12384.52)
         Placed symbol:  R20 / R_0603_DISCRETE_33R / 0603 at (8321.50 12384.52)
         Placed symbol:  R21 / R_0603_DISCRETE_33R / 0603 at (8452.50 12384.52)
         Placed symbol:  R22 / R_0603_DISCRETE_33R / 0603 at (8583.50 12384.52)
         Placed symbol:  R23 / R_0603_DISCRETE_33R / 0603 at (8714.50 12384.52)
         Placed symbol:  R24 / R_0603_DISCRETE_33R / 0603 at (8845.50 12384.52)
         Placed symbol:  R28 / R_0603_DISCRETE_33R / 0603 at (7404.50 12499.18)
         Placed symbol:  R29 / R_0603_DISCRETE_33R / 0603 at (7535.50 12499.18)
         Placed symbol:  R30 / R_0603_DISCRETE_33R / 0603 at (7666.50 12499.18)
         Placed symbol:  R25 / R_0603_DISCRETE_150R / 0603 at (7797.50 12499.18)
         Placed symbol:  R26 / R_0603_DISCRETE_150R / 0603 at (7928.50 12499.18)
         Placed symbol:  R27 / R_0603_DISCRETE_150R / 0603 at (8059.50 12499.18)
         Placed symbol:  R31 / R_0603_DISCRETE_5.1K / 0603 at (8190.50 12499.18)
         Placed symbol:  R32 / R_0603_DISCRETE_5.1K / 0603 at (8321.50 12499.18)
         Placed symbol:  R33 / R_0603_DISCRETE_45R / 0603 at (8452.50 12499.18)
         Placed symbol:  R34 / R_0603_DISCRETE_45R / 0603 at (8583.50 12499.18)
         Placed symbol:  R35 / R_0603_DISCRETE_1K / 0603 at (8714.50 12499.18)
         Placed symbol:  R40 / R_0603_DISCRETE_1K / 0603 at (8845.50 12499.18)
         Placed symbol:  R36 / RESISTOR_0603_DISCRETE_0R / 0603 at (7404.50 12613.84)
         Placed symbol:  R37 / RESISTOR_0603_DISCRETE_NC / 0603 at (7535.50 12613.84)
         Placed symbol:  R38 / RESISTOR_0603_DISCRETE_NC / 0603 at (7666.50 12613.84)
         Placed symbol:  R39 / RESISTOR_0603_DISCRETE_1K / 0603 at (7797.50 12613.84)
         Placed symbol:  R41 / R_0805_DISCRETE_10R / 0805 at (7935.90 12627.53)
         Placed symbol:  R42 / R_0805_DISCRETE_10R / 0805 at (8081.70 12627.53)
         Placed symbol:  R5 / RESISTOR_0603_DISCRETE_33 / 0603 at (8220.10 12613.84)
         Placed symbol:  R7 / RESISTOR_0603_DISCRETE_33 / 0603 at (8351.10 12613.84)
         Placed symbol:  R8 / RESISTOR_0603_DISCRETE_33 / 0603 at (8482.10 12613.84)
         Placed symbol:  R6 / RES 0603_0603_DISCRETE_4.7K / 0603 at (8613.10 12613.84)
         Placed symbol:  C2 / CAP NP_0603_DISCRETE_10UF / 0603 at (8744.10 12613.84)
         Placed symbol:  C10 / CAP NP_0603_DISCRETE_100NF / 0603 at (7404.50 12742.19)
         Placed symbol:  R12 / R_0603_DISCRETE_33R / 0603 at (7535.50 12742.19)
         Placed symbol:  C16 / CAP NP_0603_DISCRETE_10UF / 0603 at (7666.50 12742.19)
         Placed symbol:  C15 / CAP NP_0603_DISCRETE_10UF / 0603 at (7797.50 12742.19)
         Placed symbol:  C12 / CAP NP_0603_DISCRETE_10UF / 0603 at (7928.50 12742.19)
         Placed symbol:  R4 / RESISTOR_0603_DISCRETE_4.7K / 0603 at (8059.50 12742.19)
         Placed symbol:  C1 / CAP NP_0603_DISCRETE_10UF / 0603 at (8190.50 12742.19)


Placed 93 of 93 applicable (93 total) symbols.

-----------------------------------------------------------------------

